TN:
SF:src\components\Auth\schema.ts
FN:21,(anonymous_0)
FNF:1
FNH:0
FNDA:0,(anonymous_0)
DA:1,0
DA:3,0
DA:11,0
DA:21,0
LF:4
LH:0
BRF:0
BRH:0
end_of_record
TN:
SF:src\components\TaskForm\schema.ts
FN:48,(anonymous_0)
FN:58,(anonymous_1)
FN:71,(anonymous_2)
FNF:3
FNH:0
FNDA:0,(anonymous_0)
FNDA:0,(anonymous_1)
FNDA:0,(anonymous_2)
DA:1,0
DA:6,0
DA:13,0
DA:17,0
DA:24,0
DA:48,0
DA:58,0
DA:73,0
DA:74,0
DA:76,0
LF:10
LH:0
BRDA:48,0,0,0
BRDA:48,0,1,0
BRDA:58,1,0,0
BRDA:58,1,1,0
BRDA:73,2,0,0
BRDA:73,3,0,0
BRDA:73,3,1,0
BRF:7
BRH:0
end_of_record
TN:
SF:src\constants\taskSectionStyles.ts
FNF:0
FNH:0
DA:6,0
LF:1
LH:0
BRF:0
BRH:0
end_of_record
TN:
SF:src\contexts\CategoryCompat.tsx
FN:10,useCategories
FN:33,(anonymous_8)
FN:33,(anonymous_9)
FN:49,(anonymous_10)
FNF:4
FNH:0
FNDA:0,useCategories
FNDA:0,(anonymous_8)
FNDA:0,(anonymous_9)
FNDA:0,(anonymous_10)
DA:1,0
DA:2,0
DA:3,0
DA:10,0
DA:23,0
DA:27,0
DA:33,0
DA:34,0
DA:37,0
DA:38,0
DA:40,0
DA:41,0
DA:49,0
DA:52,0
LF:14
LH:0
BRF:0
BRH:0
end_of_record
TN:
SF:src\contexts\SettingsCompat.tsx
FN:9,useSettings
FNF:1
FNH:0
FNDA:0,useSettings
DA:1,0
DA:2,0
DA:9,0
DA:18,0
DA:22,0
DA:25,0
LF:6
LH:0
BRF:0
BRH:0
end_of_record
TN:
SF:src\contexts\TaskCompat.tsx
FN:9,useTaskContext
FNF:1
FNH:0
FNDA:0,useTaskContext
DA:1,0
DA:2,0
DA:9,0
DA:29,0
DA:42,0
DA:45,0
LF:6
LH:0
BRF:0
BRH:0
end_of_record
TN:
SF:src\contexts\TimerCompat.tsx
FN:20,(anonymous_7)
FN:33,(anonymous_8)
FN:55,(anonymous_9)
FN:55,(anonymous_10)
FN:59,(anonymous_11)
FN:59,(anonymous_12)
FN:66,(anonymous_13)
FN:66,(anonymous_14)
FN:74,(anonymous_15)
FN:74,(anonymous_16)
FN:80,(anonymous_17)
FN:88,(anonymous_18)
FN:110,(anonymous_19)
FN:117,(anonymous_20)
FN:121,(anonymous_21)
FN:131,(anonymous_22)
FNF:16
FNH:0
FNDA:0,(anonymous_7)
FNDA:0,(anonymous_8)
FNDA:0,(anonymous_9)
FNDA:0,(anonymous_10)
FNDA:0,(anonymous_11)
FNDA:0,(anonymous_12)
FNDA:0,(anonymous_13)
FNDA:0,(anonymous_14)
FNDA:0,(anonymous_15)
FNDA:0,(anonymous_16)
FNDA:0,(anonymous_17)
FNDA:0,(anonymous_18)
FNDA:0,(anonymous_19)
FNDA:0,(anonymous_20)
FNDA:0,(anonymous_21)
FNDA:0,(anonymous_22)
DA:1,0
DA:2,0
DA:20,0
DA:26,0
DA:30,0
DA:33,0
DA:34,0
DA:36,0
DA:37,0
DA:39,0
DA:43,0
DA:55,0
DA:56,0
DA:59,0
DA:60,0
DA:62,0
DA:66,0
DA:67,0
DA:69,0
DA:74,0
DA:75,0
DA:76,0
DA:80,0
DA:82,0
DA:83,0
DA:88,0
DA:89,0
DA:92,0
DA:94,0
DA:95,0
DA:96,0
DA:97,0
DA:98,0
DA:99,0
DA:101,0
DA:102,0
DA:107,0
DA:110,0
DA:112,0
DA:113,0
DA:117,0
DA:118,0
DA:121,0
DA:122,0
DA:125,0
DA:126,0
DA:128,0
DA:131,0
DA:133,0
DA:136,0
LF:50
LH:0
BRDA:34,0,0,0
BRDA:37,1,0,0
BRDA:37,1,1,0
BRDA:44,2,0,0
BRDA:44,2,1,0
BRDA:44,3,0,0
BRDA:44,3,1,0
BRDA:44,4,0,0
BRDA:44,4,1,0
BRDA:45,5,0,0
BRDA:45,5,1,0
BRDA:46,6,0,0
BRDA:46,6,1,0
BRDA:46,7,0,0
BRDA:46,7,1,0
BRDA:46,8,0,0
BRDA:46,8,1,0
BRDA:47,9,0,0
BRDA:47,9,1,0
BRDA:47,10,0,0
BRDA:47,10,1,0
BRDA:47,11,0,0
BRDA:47,11,1,0
BRDA:49,12,0,0
BRDA:49,12,1,0
BRDA:50,13,0,0
BRDA:50,13,1,0
BRDA:51,14,0,0
BRDA:51,14,1,0
BRDA:51,15,0,0
BRDA:51,15,1,0
BRDA:60,16,0,0
BRDA:60,17,0,0
BRDA:60,17,1,0
BRDA:67,18,0,0
BRDA:75,19,0,0
BRDA:82,20,0,0
BRDA:88,21,0,0
BRDA:89,22,0,0
BRDA:92,23,0,0
BRDA:92,23,1,0
BRDA:101,24,0,0
BRDA:102,25,0,0
BRDA:102,25,1,0
BRDA:112,26,0,0
BRDA:112,27,0,0
BRDA:112,27,1,0
BRDA:118,28,0,0
BRDA:128,29,0,0
BRDA:128,29,1,0
BRF:50
BRH:0
end_of_record
TN:
SF:src\hooks\useCategoryManager.ts
FN:9,useCategoryManager
FN:36,(anonymous_8)
FN:44,(anonymous_9)
FN:52,(anonymous_10)
FN:52,(anonymous_11)
FN:84,(anonymous_12)
FN:84,(anonymous_13)
FN:99,(anonymous_14)
FN:124,(anonymous_15)
FN:124,(anonymous_16)
FN:170,(anonymous_17)
FN:176,(anonymous_18)
FN:190,(anonymous_19)
FN:199,(anonymous_20)
FN:206,(anonymous_21)
FN:206,(anonymous_22)
FNF:16
FNH:0
FNDA:0,useCategoryManager
FNDA:0,(anonymous_8)
FNDA:0,(anonymous_9)
FNDA:0,(anonymous_10)
FNDA:0,(anonymous_11)
FNDA:0,(anonymous_12)
FNDA:0,(anonymous_13)
FNDA:0,(anonymous_14)
FNDA:0,(anonymous_15)
FNDA:0,(anonymous_16)
FNDA:0,(anonymous_17)
FNDA:0,(anonymous_18)
FNDA:0,(anonymous_19)
FNDA:0,(anonymous_20)
FNDA:0,(anonymous_21)
FNDA:0,(anonymous_22)
DA:1,0
DA:2,0
DA:4,0
DA:9,0
DA:22,0
DA:24,0
DA:27,0
DA:31,0
DA:36,0
DA:37,0
DA:38,0
DA:44,0
DA:45,0
DA:46,0
DA:52,0
DA:53,0
DA:54,0
DA:55,0
DA:58,0
DA:59,0
DA:60,0
DA:61,0
DA:65,0
DA:66,0
DA:67,0
DA:68,0
DA:72,0
DA:74,0
DA:78,0
DA:84,0
DA:85,0
DA:86,0
DA:87,0
DA:90,0
DA:91,0
DA:92,0
DA:93,0
DA:97,0
DA:98,0
DA:99,0
DA:103,0
DA:104,0
DA:105,0
DA:109,0
DA:114,0
DA:115,0
DA:118,0
DA:124,0
DA:125,0
DA:126,0
DA:127,0
DA:130,0
DA:131,0
DA:132,0
DA:133,0
DA:137,0
DA:138,0
DA:140,0
DA:141,0
DA:142,0
DA:146,0
DA:147,0
DA:148,0
DA:152,0
DA:153,0
DA:155,0
DA:160,0
DA:161,0
DA:164,0
DA:170,0
DA:176,0
DA:177,0
DA:180,0
DA:181,0
DA:184,0
DA:190,0
DA:191,0
DA:193,0
DA:199,0
DA:200,0
DA:206,0
DA:207,0
DA:208,0
DA:209,0
DA:212,0
DA:215,0
LF:86
LH:0
BRDA:28,0,0,0
BRDA:28,0,1,0
BRDA:37,1,0,0
BRDA:38,2,0,0
BRDA:38,2,1,0
BRDA:45,3,0,0
BRDA:53,4,0,0
BRDA:59,5,0,0
BRDA:65,6,0,0
BRDA:65,6,1,0
BRDA:66,7,0,0
BRDA:85,8,0,0
BRDA:91,9,0,0
BRDA:97,10,0,0
BRDA:97,10,1,0
BRDA:103,11,0,0
BRDA:114,12,0,0
BRDA:125,13,0,0
BRDA:131,14,0,0
BRDA:137,15,0,0
BRDA:137,15,1,0
BRDA:140,16,0,0
BRDA:146,17,0,0
BRDA:160,18,0,0
BRDA:172,19,0,0
BRDA:180,20,0,0
BRDA:180,21,0,0
BRDA:180,21,1,0
BRDA:180,21,2,0
BRDA:207,22,0,0
BRF:30
BRH:0
end_of_record
TN:
SF:src\hooks\useTagManager.ts
FN:10,useTagManager
FN:16,(anonymous_1)
FN:17,(anonymous_2)
FN:24,(anonymous_3)
FN:26,(anonymous_4)
FN:39,(anonymous_5)
FN:44,(anonymous_6)
FN:57,(anonymous_7)
FN:58,(anonymous_8)
FN:59,(anonymous_9)
FN:68,(anonymous_10)
FN:75,(anonymous_11)
FN:76,(anonymous_12)
FN:86,(anonymous_13)
FN:93,(anonymous_14)
FNF:15
FNH:0
FNDA:0,useTagManager
FNDA:0,(anonymous_1)
FNDA:0,(anonymous_2)
FNDA:0,(anonymous_3)
FNDA:0,(anonymous_4)
FNDA:0,(anonymous_5)
FNDA:0,(anonymous_6)
FNDA:0,(anonymous_7)
FNDA:0,(anonymous_8)
FNDA:0,(anonymous_9)
FNDA:0,(anonymous_10)
FNDA:0,(anonymous_11)
FNDA:0,(anonymous_12)
FNDA:0,(anonymous_13)
FNDA:0,(anonymous_14)
DA:1,0
DA:3,0
DA:10,0
DA:11,0
DA:16,0
DA:17,0
DA:18,0
DA:24,0
DA:26,0
DA:29,0
DA:30,0
DA:33,0
DA:39,0
DA:40,0
DA:42,0
DA:44,0
DA:46,0
DA:48,0
DA:49,0
DA:50,0
DA:57,0
DA:58,0
DA:59,0
DA:60,0
DA:61,0
DA:68,0
DA:69,0
DA:75,0
DA:76,0
DA:77,0
DA:78,0
DA:79,0
DA:86,0
DA:87,0
DA:93,0
DA:94,0
DA:95,0
DA:98,0
LF:38
LH:0
BRDA:10,0,0,0
BRDA:10,1,0,0
BRDA:18,2,0,0
BRDA:18,2,1,0
BRDA:29,3,0,0
BRDA:29,4,0,0
BRDA:29,4,1,0
BRDA:40,5,0,0
BRDA:40,6,0,0
BRDA:40,6,1,0
BRDA:46,7,0,0
BRDA:49,8,0,0
BRDA:49,8,1,0
BRDA:49,9,0,0
BRDA:49,9,1,0
BRDA:60,10,0,0
BRDA:60,10,1,0
BRDA:60,11,0,0
BRDA:60,11,1,0
BRDA:78,12,0,0
BRDA:78,12,1,0
BRDA:78,13,0,0
BRDA:78,13,1,0
BRDA:87,14,0,0
BRDA:87,14,1,0
BRDA:93,15,0,0
BRDA:95,16,0,0
BRDA:95,16,1,0
BRDA:95,17,0,0
BRDA:95,17,1,0
BRF:30
BRH:0
end_of_record
TN:
SF:src\hooks\useTaskActions.ts
FN:29,useTaskActions
FN:31,(anonymous_8)
FN:31,(anonymous_9)
FN:39,(anonymous_10)
FN:47,(anonymous_11)
FN:47,(anonymous_12)
FN:125,(anonymous_13)
FN:125,(anonymous_14)
FN:132,(anonymous_15)
FN:132,(anonymous_16)
FN:139,(anonymous_17)
FN:139,(anonymous_18)
FN:146,(anonymous_19)
FN:146,(anonymous_20)
FN:153,(anonymous_21)
FN:153,(anonymous_22)
FN:160,(anonymous_23)
FN:160,(anonymous_24)
FN:167,(anonymous_25)
FN:167,(anonymous_26)
FN:218,(anonymous_27)
FN:218,(anonymous_28)
FN:267,(anonymous_29)
FN:267,(anonymous_30)
FNF:24
FNH:0
FNDA:0,useTaskActions
FNDA:0,(anonymous_8)
FNDA:0,(anonymous_9)
FNDA:0,(anonymous_10)
FNDA:0,(anonymous_11)
FNDA:0,(anonymous_12)
FNDA:0,(anonymous_13)
FNDA:0,(anonymous_14)
FNDA:0,(anonymous_15)
FNDA:0,(anonymous_16)
FNDA:0,(anonymous_17)
FNDA:0,(anonymous_18)
FNDA:0,(anonymous_19)
FNDA:0,(anonymous_20)
FNDA:0,(anonymous_21)
FNDA:0,(anonymous_22)
FNDA:0,(anonymous_23)
FNDA:0,(anonymous_24)
FNDA:0,(anonymous_25)
FNDA:0,(anonymous_26)
FNDA:0,(anonymous_27)
FNDA:0,(anonymous_28)
FNDA:0,(anonymous_29)
FNDA:0,(anonymous_30)
DA:1,0
DA:2,0
DA:3,0
DA:4,0
DA:9,0
DA:17,0
DA:29,0
DA:31,0
DA:35,0
DA:36,0
DA:39,0
DA:40,0
DA:47,0
DA:48,0
DA:51,0
DA:54,0
DA:55,0
DA:59,0
DA:60,0
DA:63,0
DA:64,0
DA:67,0
DA:68,0
DA:71,0
DA:73,0
DA:74,0
DA:78,0
DA:79,0
DA:83,0
DA:85,0
DA:86,0
DA:90,0
DA:93,0
DA:94,0
DA:98,0
DA:99,0
DA:103,0
DA:104,0
DA:107,0
DA:108,0
DA:110,0
DA:111,0
DA:114,0
DA:115,0
DA:118,0
DA:125,0
DA:126,0
DA:132,0
DA:133,0
DA:139,0
DA:140,0
DA:146,0
DA:147,0
DA:153,0
DA:154,0
DA:160,0
DA:161,0
DA:167,0
DA:168,0
DA:169,0
DA:171,0
DA:172,0
DA:174,0
DA:175,0
DA:179,0
DA:182,0
DA:183,0
DA:187,0
DA:188,0
DA:191,0
DA:194,0
DA:195,0
DA:198,0
DA:199,0
DA:201,0
DA:202,0
DA:205,0
DA:206,0
DA:209,0
DA:211,0
DA:218,0
DA:219,0
DA:221,0
DA:222,0
DA:224,0
DA:225,0
DA:227,0
DA:228,0
DA:232,0
DA:235,0
DA:236,0
DA:240,0
DA:241,0
DA:245,0
DA:246,0
DA:249,0
DA:250,0
DA:252,0
DA:253,0
DA:256,0
DA:257,0
DA:260,0
DA:267,0
DA:268,0
DA:270,0
DA:271,0
DA:273,0
DA:274,0
DA:276,0
DA:277,0
DA:281,0
DA:284,0
DA:285,0
DA:289,0
DA:290,0
DA:294,0
DA:295,0
DA:298,0
DA:299,0
DA:301,0
DA:302,0
DA:305,0
DA:306,0
DA:309,0
DA:313,0
LF:125
LH:0
BRDA:29,0,0,0
BRDA:30,1,0,0
BRDA:31,2,0,0
BRDA:48,3,0,0
BRDA:55,4,0,0
BRDA:55,4,1,0
BRDA:59,5,0,0
BRDA:63,6,0,0
BRDA:73,7,0,0
BRDA:78,8,0,0
BRDA:78,9,0,0
BRDA:78,9,1,0
BRDA:85,10,0,0
BRDA:93,11,0,0
BRDA:98,12,0,0
BRDA:110,13,0,0
BRDA:114,14,0,0
BRDA:174,15,0,0
BRDA:182,16,0,0
BRDA:187,17,0,0
BRDA:201,18,0,0
BRDA:205,19,0,0
BRDA:219,20,0,0
BRDA:227,21,0,0
BRDA:235,22,0,0
BRDA:240,23,0,0
BRDA:252,24,0,0
BRDA:256,25,0,0
BRDA:268,26,0,0
BRDA:276,27,0,0
BRDA:284,28,0,0
BRDA:289,29,0,0
BRDA:301,30,0,0
BRDA:305,31,0,0
BRF:34
BRH:0
end_of_record
TN:
SF:src\hooks\useTaskCategories.ts
FN:9,useTaskCategories
FN:12,(anonymous_1)
FN:14,(anonymous_2)
FN:19,(anonymous_3)
FN:30,(anonymous_4)
FN:40,(anonymous_5)
FN:52,(anonymous_6)
FN:53,(anonymous_7)
FN:54,(anonymous_8)
FN:65,(anonymous_9)
FN:68,(anonymous_10)
FNF:11
FNH:0
FNDA:0,useTaskCategories
FNDA:0,(anonymous_1)
FNDA:0,(anonymous_2)
FNDA:0,(anonymous_3)
FNDA:0,(anonymous_4)
FNDA:0,(anonymous_5)
FNDA:0,(anonymous_6)
FNDA:0,(anonymous_7)
FNDA:0,(anonymous_8)
FNDA:0,(anonymous_9)
FNDA:0,(anonymous_10)
DA:1,0
DA:2,0
DA:3,0
DA:9,0
DA:10,0
DA:12,0
DA:14,0
DA:15,0
DA:19,0
DA:20,0
DA:22,0
DA:26,0
DA:30,0
DA:31,0
DA:33,0
DA:36,0
DA:40,0
DA:42,0
DA:46,0
DA:49,0
DA:52,0
DA:53,0
DA:54,0
DA:56,0
DA:66,0
DA:69,0
LF:26
LH:0
BRDA:15,0,0,0
BRDA:15,0,1,0
BRDA:20,1,0,0
BRDA:20,1,1,0
BRDA:22,2,0,0
BRDA:22,2,1,0
BRDA:26,3,0,0
BRDA:26,3,1,0
BRDA:31,4,0,0
BRDA:31,4,1,0
BRDA:31,4,2,0
BRDA:36,5,0,0
BRDA:36,5,1,0
BRDA:42,6,0,0
BRDA:42,6,1,0
BRDA:42,6,2,0
BRDA:49,7,0,0
BRDA:49,7,1,0
BRDA:66,8,0,0
BRDA:66,8,1,0
BRDA:69,9,0,0
BRDA:69,9,1,0
BRF:22
BRH:0
end_of_record
TN:
SF:src\hooks\useTaskForm.ts
FN:26,useTaskForm
FN:67,(anonymous_8)
FN:103,(anonymous_9)
FN:104,fetchTaskData
FN:143,(anonymous_12)
FN:169,(anonymous_13)
FN:169,(anonymous_14)
FNF:7
FNH:0
FNDA:0,useTaskForm
FNDA:0,(anonymous_8)
FNDA:0,(anonymous_9)
FNDA:0,fetchTaskData
FNDA:0,(anonymous_12)
FNDA:0,(anonymous_13)
FNDA:0,(anonymous_14)
DA:1,0
DA:2,0
DA:3,0
DA:4,0
DA:5,0
DA:6,0
DA:7,0
DA:8,0
DA:11,0
DA:14,0
DA:26,0
DA:27,0
DA:28,0
DA:29,0
DA:32,0
DA:61,0
DA:67,0
DA:68,0
DA:69,0
DA:73,0
DA:76,0
DA:77,0
DA:79,0
DA:80,0
DA:81,0
DA:85,0
DA:103,0
DA:105,0
DA:107,0
DA:108,0
DA:110,0
DA:111,0
DA:113,0
DA:115,0
DA:117,0
DA:119,0
DA:120,0
DA:124,0
DA:127,0
DA:128,0
DA:130,0
DA:131,0
DA:133,0
DA:137,0
DA:143,0
DA:145,0
DA:151,0
DA:169,0
DA:170,0
DA:171,0
DA:174,0
DA:175,0
DA:177,0
DA:179,0
DA:181,0
DA:182,0
DA:187,0
DA:189,0
DA:192,0
DA:195,0
DA:196,0
DA:199,0
DA:200,0
DA:204,0
DA:207,0
DA:210,0
DA:211,0
DA:215,0
DA:216,0
DA:219,0
DA:220,0
DA:221,0
DA:223,0
DA:227,0
LF:74
LH:0
BRDA:14,0,0,0
BRDA:14,0,1,0
BRDA:26,1,0,0
BRDA:68,2,0,0
BRDA:73,3,0,0
BRDA:73,3,1,0
BRDA:77,4,0,0
BRDA:80,5,0,0
BRDA:80,6,0,0
BRDA:80,6,1,0
BRDA:86,7,0,0
BRDA:86,7,1,0
BRDA:87,8,0,0
BRDA:87,8,1,0
BRDA:88,9,0,0
BRDA:88,9,1,0
BRDA:89,10,0,0
BRDA:89,10,1,0
BRDA:90,11,0,0
BRDA:90,11,1,0
BRDA:91,12,0,0
BRDA:91,12,1,0
BRDA:94,13,0,0
BRDA:94,13,1,0
BRDA:97,14,0,0
BRDA:97,14,1,0
BRDA:105,15,0,0
BRDA:113,16,0,0
BRDA:115,17,0,0
BRDA:119,18,0,0
BRDA:127,19,0,0
BRDA:131,20,0,0
BRDA:131,20,1,0
BRDA:131,21,0,0
BRDA:131,21,1,0
BRDA:146,22,0,0
BRDA:146,22,1,0
BRDA:147,23,0,0
BRDA:147,23,1,0
BRDA:156,24,0,0
BRDA:156,24,1,0
BRDA:170,25,0,0
BRDA:181,26,0,0
BRDA:187,27,0,0
BRDA:187,27,1,0
BRDA:195,28,0,0
BRDA:199,29,0,0
BRDA:199,30,0,0
BRDA:199,30,1,0
BRDA:207,31,0,0
BRDA:207,31,1,0
BRDA:207,32,0,0
BRDA:207,32,1,0
BRDA:210,33,0,0
BRDA:215,34,0,0
BRDA:219,35,0,0
BRDA:219,35,1,0
BRDA:221,36,0,0
BRDA:221,36,1,0
BRDA:221,37,0,0
BRDA:221,37,1,0
BRF:61
BRH:0
end_of_record
TN:
SF:src\hooks\useTaskModal.ts
FN:8,useTaskModal
FN:19,(anonymous_8)
FN:27,(anonymous_9)
FN:34,(anonymous_10)
FN:40,(anonymous_11)
FN:47,(anonymous_12)
FN:53,(anonymous_13)
FN:53,(anonymous_14)
FNF:8
FNH:0
FNDA:0,useTaskModal
FNDA:0,(anonymous_8)
FNDA:0,(anonymous_9)
FNDA:0,(anonymous_10)
FNDA:0,(anonymous_11)
FNDA:0,(anonymous_12)
FNDA:0,(anonymous_13)
FNDA:0,(anonymous_14)
DA:1,0
DA:2,0
DA:8,0
DA:10,0
DA:11,0
DA:14,0
DA:15,0
DA:18,0
DA:20,0
DA:21,0
DA:27,0
DA:28,0
DA:29,0
DA:30,0
DA:34,0
DA:35,0
DA:36,0
DA:40,0
DA:41,0
DA:42,0
DA:43,0
DA:47,0
DA:48,0
DA:49,0
DA:53,0
DA:54,0
DA:56,0
DA:60,0
LF:28
LH:0
BRDA:8,0,0,0
BRDA:20,1,0,0
BRDA:30,2,0,0
BRDA:30,2,1,0
BRDA:30,3,0,0
BRDA:30,3,1,0
BRDA:43,4,0,0
BRDA:43,4,1,0
BRDA:43,5,0,0
BRDA:43,5,1,0
BRDA:54,6,0,0
BRF:11
BRH:0
end_of_record
TN:
SF:src\hooks\useTimeSessions.ts
FN:15,useTimeSessions
FN:27,(anonymous_8)
FN:29,(anonymous_9)
FN:33,(anonymous_10)
FN:36,(anonymous_11)
FN:66,(anonymous_12)
FN:66,(anonymous_13)
FN:79,(anonymous_14)
FN:80,(anonymous_15)
FN:89,(anonymous_16)
FN:89,(anonymous_17)
FN:104,(anonymous_18)
FN:113,(anonymous_19)
FN:121,(anonymous_20)
FN:126,(anonymous_21)
FN:127,(anonymous_22)
FN:130,(anonymous_23)
FN:133,(anonymous_24)
FN:140,(anonymous_25)
FN:176,(anonymous_26)
FN:176,(anonymous_27)
FN:192,(anonymous_28)
FN:192,(anonymous_29)
FN:196,(anonymous_30)
FN:200,(anonymous_31)
FNF:25
FNH:0
FNDA:0,useTimeSessions
FNDA:0,(anonymous_8)
FNDA:0,(anonymous_9)
FNDA:0,(anonymous_10)
FNDA:0,(anonymous_11)
FNDA:0,(anonymous_12)
FNDA:0,(anonymous_13)
FNDA:0,(anonymous_14)
FNDA:0,(anonymous_15)
FNDA:0,(anonymous_16)
FNDA:0,(anonymous_17)
FNDA:0,(anonymous_18)
FNDA:0,(anonymous_19)
FNDA:0,(anonymous_20)
FNDA:0,(anonymous_21)
FNDA:0,(anonymous_22)
FNDA:0,(anonymous_23)
FNDA:0,(anonymous_24)
FNDA:0,(anonymous_25)
FNDA:0,(anonymous_26)
FNDA:0,(anonymous_27)
FNDA:0,(anonymous_28)
FNDA:0,(anonymous_29)
FNDA:0,(anonymous_30)
FNDA:0,(anonymous_31)
DA:1,0
DA:2,0
DA:3,0
DA:4,0
DA:15,0
DA:17,0
DA:18,0
DA:19,0
DA:20,0
DA:21,0
DA:24,0
DA:27,0
DA:29,0
DA:30,0
DA:33,0
DA:34,0
DA:36,0
DA:37,0
DA:38,0
DA:39,0
DA:40,0
DA:42,0
DA:43,0
DA:44,0
DA:47,0
DA:53,0
DA:55,0
DA:60,0
DA:63,0
DA:66,0
DA:67,0
DA:69,0
DA:70,0
DA:72,0
DA:73,0
DA:74,0
DA:75,0
DA:78,0
DA:79,0
DA:80,0
DA:82,0
DA:83,0
DA:85,0
DA:89,0
DA:90,0
DA:91,0
DA:93,0
DA:94,0
DA:95,0
DA:97,0
DA:98,0
DA:100,0
DA:104,0
DA:105,0
DA:106,0
DA:108,0
DA:113,0
DA:114,0
DA:115,0
DA:117,0
DA:121,0
DA:123,0
DA:126,0
DA:127,0
DA:130,0
DA:133,0
DA:134,0
DA:135,0
DA:140,0
DA:141,0
DA:142,0
DA:145,0
DA:147,0
DA:148,0
DA:151,0
DA:153,0
DA:161,0
DA:165,0
DA:167,0
DA:176,0
DA:177,0
DA:178,0
DA:179,0
DA:182,0
DA:183,0
DA:186,0
DA:188,0
DA:189,0
DA:192,0
DA:195,0
DA:196,0
DA:200,0
DA:201,0
DA:204,0
DA:206,0
DA:208,0
DA:209,0
DA:212,0
DA:213,0
DA:217,0
LF:100
LH:0
BRDA:37,0,0,0
BRDA:42,1,0,0
BRDA:42,2,0,0
BRDA:42,2,1,0
BRDA:53,3,0,0
BRDA:67,4,0,0
BRDA:83,5,0,0
BRDA:83,5,1,0
BRDA:98,6,0,0
BRDA:98,6,1,0
BRDA:105,7,0,0
BRDA:105,7,1,0
BRDA:114,8,0,0
BRDA:114,8,1,0
BRDA:123,9,0,0
BRDA:134,10,0,0
BRDA:145,11,0,0
BRDA:147,12,0,0
BRDA:177,13,0,0
BRDA:188,14,0,0
BRDA:188,14,1,0
BRDA:195,15,0,0
BRF:22
BRH:0
end_of_record
TN:
SF:src\hooks\useTimerPersistence.ts
FN:10,(anonymous_7)
FN:12,(anonymous_8)
FN:14,(anonymous_9)
FN:52,(anonymous_10)
FN:53,(anonymous_11)
FN:70,(anonymous_12)
FN:70,(anonymous_13)
FN:109,(anonymous_14)
FN:118,(anonymous_15)
FN:125,(anonymous_16)
FN:140,(anonymous_17)
FNF:11
FNH:0
FNDA:0,(anonymous_7)
FNDA:0,(anonymous_8)
FNDA:0,(anonymous_9)
FNDA:0,(anonymous_10)
FNDA:0,(anonymous_11)
FNDA:0,(anonymous_12)
FNDA:0,(anonymous_13)
FNDA:0,(anonymous_14)
FNDA:0,(anonymous_15)
FNDA:0,(anonymous_16)
FNDA:0,(anonymous_17)
DA:1,0
DA:3,0
DA:4,0
DA:10,0
DA:12,0
DA:14,0
DA:24,0
DA:25,0
DA:26,0
DA:27,0
DA:30,0
DA:31,0
DA:35,0
DA:37,0
DA:40,0
DA:43,0
DA:47,0
DA:49,0
DA:52,0
DA:53,0
DA:55,0
DA:59,0
DA:61,0
DA:70,0
DA:71,0
DA:73,0
DA:76,0
DA:77,0
DA:80,0
DA:81,0
DA:82,0
DA:85,0
DA:94,0
DA:95,0
DA:98,0
DA:101,0
DA:103,0
DA:104,0
DA:109,0
DA:110,0
DA:111,0
DA:113,0
DA:118,0
DA:119,0
DA:120,0
DA:125,0
DA:126,0
DA:129,0
DA:140,0
DA:141,0
DA:142,0
DA:143,0
DA:144,0
DA:146,0
LF:54
LH:0
BRDA:26,0,0,0
BRDA:30,1,0,0
BRDA:55,2,0,0
BRDA:55,2,1,0
BRDA:55,3,0,0
BRDA:55,3,1,0
BRDA:56,4,0,0
BRDA:56,4,1,0
BRDA:56,5,0,0
BRDA:56,5,1,0
BRDA:76,6,0,0
BRDA:76,6,1,0
BRDA:95,7,0,0
BRDA:119,8,0,0
BRF:14
BRH:0
end_of_record
TN:
SF:src\hooks\dashboard\useProductivityTrends.ts
FN:11,useProductivityTrends
FN:15,(anonymous_1)
FN:41,(anonymous_2)
FN:65,(anonymous_3)
FN:82,(anonymous_4)
FN:92,(anonymous_5)
FN:93,(anonymous_6)
FN:94,(anonymous_7)
FN:107,(anonymous_8)
FN:108,(anonymous_9)
FN:109,(anonymous_10)
FNF:11
FNH:0
FNDA:0,useProductivityTrends
FNDA:0,(anonymous_1)
FNDA:0,(anonymous_2)
FNDA:0,(anonymous_3)
FNDA:0,(anonymous_4)
FNDA:0,(anonymous_5)
FNDA:0,(anonymous_6)
FNDA:0,(anonymous_7)
FNDA:0,(anonymous_8)
FNDA:0,(anonymous_9)
FNDA:0,(anonymous_10)
DA:1,0
DA:2,0
DA:3,0
DA:4,0
DA:11,0
DA:12,0
DA:13,0
DA:15,0
DA:16,0
DA:17,0
DA:26,0
DA:29,0
DA:30,0
DA:31,0
DA:41,0
DA:43,0
DA:46,0
DA:47,0
DA:48,0
DA:49,0
DA:50,0
DA:55,0
DA:56,0
DA:57,0
DA:58,0
DA:59,0
DA:65,0
DA:66,0
DA:68,0
DA:70,0
DA:71,0
DA:73,0
DA:74,0
DA:75,0
DA:77,0
DA:82,0
DA:84,0
DA:85,0
DA:90,0
DA:92,0
DA:93,0
DA:94,0
DA:105,0
DA:106,0
DA:107,0
DA:108,0
DA:109,0
DA:112,0
DA:117,0
DA:122,0
DA:127,0
LF:51
LH:0
BRDA:11,0,0,0
BRDA:43,1,0,0
BRDA:46,2,0,0
BRDA:46,3,0,0
BRDA:46,3,1,0
BRDA:49,4,0,0
BRDA:49,5,0,0
BRDA:49,5,1,0
BRDA:55,6,0,0
BRDA:58,7,0,0
BRDA:58,8,0,0
BRDA:58,8,1,0
BRDA:66,9,0,0
BRDA:71,10,0,0
BRDA:71,11,0,0
BRDA:71,11,1,0
BRDA:73,12,0,0
BRDA:73,12,1,0
BRDA:84,13,0,0
BRDA:105,14,0,0
BRDA:112,15,0,0
BRDA:112,15,1,0
BRDA:117,16,0,0
BRDA:117,16,1,0
BRF:24
BRH:0
end_of_record
TN:
SF:src\hooks\dashboard\useTaskMetrics.ts
FN:8,useTaskMetrics
FN:12,(anonymous_1)
FN:45,(anonymous_2)
FN:104,useTasksDueToday
FN:107,(anonymous_4)
FN:114,(anonymous_5)
FN:126,useOpenTasksByProject
FN:129,(anonymous_7)
FN:137,(anonymous_8)
FN:160,(anonymous_9)
FN:167,(anonymous_10)
FN:168,(anonymous_11)
FNF:12
FNH:0
FNDA:0,useTaskMetrics
FNDA:0,(anonymous_1)
FNDA:0,(anonymous_2)
FNDA:0,useTasksDueToday
FNDA:0,(anonymous_4)
FNDA:0,(anonymous_5)
FNDA:0,useOpenTasksByProject
FNDA:0,(anonymous_7)
FNDA:0,(anonymous_8)
FNDA:0,(anonymous_9)
FNDA:0,(anonymous_10)
FNDA:0,(anonymous_11)
DA:1,0
DA:2,0
DA:8,0
DA:9,0
DA:12,0
DA:13,0
DA:14,0
DA:16,0
DA:17,0
DA:19,0
DA:20,0
DA:23,0
DA:45,0
DA:47,0
DA:50,0
DA:53,0
DA:54,0
DA:56,0
DA:57,0
DA:59,0
DA:60,0
DA:64,0
DA:67,0
DA:68,0
DA:70,0
DA:71,0
DA:73,0
DA:74,0
DA:78,0
DA:79,0
DA:81,0
DA:82,0
DA:83,0
DA:84,0
DA:85,0
DA:86,0
DA:91,0
DA:92,0
DA:97,0
DA:104,0
DA:105,0
DA:107,0
DA:108,0
DA:109,0
DA:111,0
DA:112,0
DA:114,0
DA:115,0
DA:117,0
DA:118,0
DA:126,0
DA:127,0
DA:129,0
DA:134,0
DA:137,0
DA:138,0
DA:140,0
DA:142,0
DA:143,0
DA:150,0
DA:152,0
DA:153,0
DA:154,0
DA:159,0
DA:160,0
DA:167,0
DA:168,0
LF:67
LH:0
BRDA:47,0,0,0
BRDA:50,1,0,0
BRDA:50,1,1,0
BRDA:50,1,2,0
BRDA:50,1,3,0
BRDA:64,2,0,0
BRDA:64,2,1,0
BRDA:64,2,2,0
BRDA:64,2,3,0
BRDA:78,3,0,0
BRDA:81,4,0,0
BRDA:81,4,1,0
BRDA:83,5,0,0
BRDA:83,5,1,0
BRDA:85,6,0,0
BRDA:91,7,0,0
BRDA:93,8,0,0
BRDA:93,8,1,0
BRDA:115,9,0,0
BRDA:115,10,0,0
BRDA:115,10,1,0
BRDA:118,11,0,0
BRDA:118,11,1,0
BRDA:138,12,0,0
BRDA:140,13,0,0
BRDA:140,13,1,0
BRDA:142,14,0,0
BRDA:152,15,0,0
BRDA:152,16,0,0
BRDA:152,16,1,0
BRDA:164,17,0,0
BRDA:164,17,1,0
BRF:32
BRH:0
end_of_record
TN:
SF:src\hooks\dashboard\useTimeTrackingMetrics.ts
FN:9,useTimeTrackingMetrics
FN:16,(anonymous_8)
FN:17,(anonymous_9)
FN:17,(anonymous_10)
FN:38,(anonymous_11)
FN:74,(anonymous_12)
FN:131,useWeekTimeTracked
FN:147,useTimeByCategory
FN:150,(anonymous_15)
FN:153,(anonymous_16)
FN:158,(anonymous_17)
FNF:11
FNH:0
FNDA:0,useTimeTrackingMetrics
FNDA:0,(anonymous_8)
FNDA:0,(anonymous_9)
FNDA:0,(anonymous_10)
FNDA:0,(anonymous_11)
FNDA:0,(anonymous_12)
FNDA:0,useWeekTimeTracked
FNDA:0,useTimeByCategory
FNDA:0,(anonymous_15)
FNDA:0,(anonymous_16)
FNDA:0,(anonymous_17)
DA:1,0
DA:2,0
DA:3,0
DA:9,0
DA:10,0
DA:11,0
DA:12,0
DA:13,0
DA:16,0
DA:17,0
DA:18,0
DA:19,0
DA:20,0
DA:25,0
DA:26,0
DA:28,0
DA:30,0
DA:34,0
DA:38,0
DA:40,0
DA:65,0
DA:66,0
DA:70,0
DA:71,0
DA:74,0
DA:75,0
DA:78,0
DA:80,0
DA:81,0
DA:84,0
DA:85,0
DA:88,0
DA:89,0
DA:92,0
DA:93,0
DA:94,0
DA:95,0
DA:103,0
DA:104,0
DA:109,0
DA:110,0
DA:111,0
DA:112,0
DA:114,0
DA:119,0
DA:120,0
DA:122,0
DA:125,0
DA:131,0
DA:132,0
DA:135,0
DA:147,0
DA:148,0
DA:150,0
DA:152,0
DA:153,0
DA:158,0
DA:160,0
LF:58
LH:0
BRDA:65,0,0,0
BRDA:65,1,0,0
BRDA:65,1,1,0
BRDA:75,2,0,0
BRDA:78,3,0,0
BRDA:81,4,0,0
BRDA:81,4,1,0
BRDA:85,5,0,0
BRDA:92,6,0,0
BRDA:94,7,0,0
BRDA:97,8,0,0
BRDA:97,8,1,0
BRDA:97,9,0,0
BRDA:97,9,1,0
BRDA:97,10,0,0
BRDA:97,10,1,0
BRDA:109,11,0,0
BRDA:109,11,1,0
BRDA:109,12,0,0
BRDA:109,12,1,0
BRDA:109,13,0,0
BRDA:109,13,1,0
BRDA:110,14,0,0
BRDA:111,15,0,0
BRF:24
BRH:0
end_of_record
TN:
SF:src\lib\auth.ts
FN:15,useAuth
FN:23,checkOnboardingStatus
FNF:2
FNH:0
FNDA:0,useAuth
FNDA:0,checkOnboardingStatus
DA:1,0
DA:2,0
DA:13,0
DA:15,0
DA:16,0
DA:17,0
DA:18,0
DA:20,0
DA:23,0
DA:24,0
DA:30,0
DA:31,0
LF:12
LH:0
BRDA:17,0,0,0
BRDA:30,1,0,0
BRDA:31,2,0,0
BRDA:31,2,1,0
BRDA:31,3,0,0
BRDA:31,3,1,0
BRDA:31,4,0,0
BRDA:31,4,1,0
BRDA:31,5,0,0
BRDA:31,5,1,0
BRF:10
BRH:0
end_of_record
TN:
SF:src\lib\categoryUtils.ts
FN:41,getTaskCategory
FN:68,getTaskCategoryInfo
FN:73,(anonymous_2)
FN:86,getCategoryColorStyle
FN:89,(anonymous_4)
FN:112,getCategoryBorderColor
FN:122,getCategoryBgColor
FN:132,getCategoryTextColor
FNF:8
FNH:0
FNDA:0,getTaskCategory
FNDA:0,getTaskCategoryInfo
FNDA:0,(anonymous_2)
FNDA:0,getCategoryColorStyle
FNDA:0,(anonymous_4)
FNDA:0,getCategoryBorderColor
FNDA:0,getCategoryBgColor
FNDA:0,getCategoryTextColor
DA:8,0
DA:32,0
DA:41,0
DA:43,0
DA:44,0
DA:48,0
DA:49,0
DA:53,0
DA:54,0
DA:55,0
DA:56,0
DA:57,0
DA:58,0
DA:62,0
DA:68,0
DA:69,0
DA:72,0
DA:73,0
DA:74,0
DA:75,0
DA:80,0
DA:86,0
DA:88,0
DA:89,0
DA:90,0
DA:92,0
DA:101,0
DA:102,0
DA:106,0
DA:112,0
DA:113,0
DA:114,0
DA:116,0
DA:122,0
DA:123,0
DA:124,0
DA:126,0
DA:132,0
DA:133,0
DA:134,0
DA:136,0
LF:41
LH:0
BRDA:43,0,0,0
BRDA:48,1,0,0
BRDA:53,2,0,0
BRDA:54,3,0,0
BRDA:54,3,1,0
BRDA:54,3,2,0
BRDA:54,3,3,0
BRDA:68,4,0,0
BRDA:72,5,0,0
BRDA:72,6,0,0
BRDA:72,6,1,0
BRDA:74,7,0,0
BRDA:80,8,0,0
BRDA:80,8,1,0
BRDA:86,9,0,0
BRDA:88,10,0,0
BRDA:88,11,0,0
BRDA:88,11,1,0
BRDA:90,12,0,0
BRDA:90,13,0,0
BRDA:90,13,1,0
BRDA:101,14,0,0
BRDA:101,15,0,0
BRDA:101,15,1,0
BRDA:112,16,0,0
BRDA:122,17,0,0
BRDA:132,18,0,0
BRF:27
BRH:0
end_of_record
TN:
SF:src\lib\queryPersistence.ts
FN:8,(anonymous_7)
FN:10,(anonymous_8)
FN:10,(anonymous_9)
FN:19,(anonymous_10)
FN:19,(anonymous_11)
FN:46,(anonymous_12)
FN:46,(anonymous_13)
FN:55,(anonymous_14)
FN:63,(anonymous_15)
FNF:9
FNH:0
FNDA:0,(anonymous_7)
FNDA:0,(anonymous_8)
FNDA:0,(anonymous_9)
FNDA:0,(anonymous_10)
FNDA:0,(anonymous_11)
FNDA:0,(anonymous_12)
FNDA:0,(anonymous_13)
FNDA:0,(anonymous_14)
FNDA:0,(anonymous_15)
DA:2,0
DA:8,0
DA:9,0
DA:10,0
DA:12,0
DA:16,0
DA:19,0
DA:20,0
DA:21,0
DA:24,0
DA:25,0
DA:26,0
DA:30,0
DA:32,0
DA:33,0
DA:36,0
DA:39,0
DA:41,0
DA:42,0
DA:46,0
DA:47,0
DA:55,0
DA:56,0
DA:63,0
DA:65,0
DA:68,0
LF:26
LH:0
BRDA:8,0,0,0
BRDA:24,1,0,0
BRDA:26,2,0,0
BRDA:26,2,1,0
BRDA:30,3,0,0
BRDA:56,4,0,0
BRDA:56,4,1,0
BRDA:69,5,0,0
BRDA:69,5,1,0
BRDA:69,5,2,0
BRF:10
BRH:0
end_of_record
TN:
SF:src\lib\supabase.ts
FNF:0
FNH:0
DA:1,0
DA:4,0
DA:5,0
DA:7,0
DA:8,0
DA:11,0
LF:6
LH:0
BRDA:7,0,0,0
BRDA:7,1,0,0
BRDA:7,1,1,0
BRF:3
BRH:0
end_of_record
TN:
SF:src\lib\taskUtils.ts
FN:18,(anonymous_0)
FN:24,getDateRanges
FN:61,taskMatchesDueDate
FN:73,(anonymous_3)
FN:106,taskMatchesSearch
FN:127,(anonymous_5)
FN:157,filterTasks
FN:159,(anonymous_7)
FN:160,(anonymous_8)
FN:163,(anonymous_9)
FN:222,getLastActiveTime
FN:247,sortTasks
FN:253,(anonymous_12)
FN:318,filterAndSortTasks
FN:330,getPriorityBorderColor
FN:352,parseTimeToMinutes
FN:387,formatTimeString
FN:420,formatEstimatedTime
FN:427,getEstimatedTimeClass
FN:449,getDueDateStyling
FNF:20
FNH:0
FNDA:0,(anonymous_0)
FNDA:0,getDateRanges
FNDA:0,taskMatchesDueDate
FNDA:0,(anonymous_3)
FNDA:0,taskMatchesSearch
FNDA:0,(anonymous_5)
FNDA:0,filterTasks
FNDA:0,(anonymous_7)
FNDA:0,(anonymous_8)
FNDA:0,(anonymous_9)
FNDA:0,getLastActiveTime
FNDA:0,sortTasks
FNDA:0,(anonymous_12)
FNDA:0,filterAndSortTasks
FNDA:0,getPriorityBorderColor
FNDA:0,parseTimeToMinutes
FNDA:0,formatTimeString
FNDA:0,formatEstimatedTime
FNDA:0,getEstimatedTimeClass
FNDA:0,getDueDateStyling
DA:6,0
DA:9,0
DA:18,0
DA:19,0
DA:25,0
DA:26,0
DA:27,0
DA:28,0
DA:31,0
DA:32,0
DA:35,0
DA:36,0
DA:39,0
DA:40,0
DA:43,0
DA:44,0
DA:46,0
DA:61,0
DA:62,0
DA:63,0
DA:65,0
DA:69,0
DA:71,0
DA:73,0
DA:74,0
DA:76,0
DA:79,0
DA:82,0
DA:85,0
DA:88,0
DA:91,0
DA:94,0
DA:107,0
DA:109,0
DA:110,0
DA:113,0
DA:114,0
DA:125,0
DA:126,0
DA:127,0
DA:130,0
DA:131,0
DA:135,0
DA:140,0
DA:141,0
DA:145,0
DA:147,0
DA:150,0
DA:157,0
DA:159,0
DA:160,0
DA:163,0
DA:165,0
DA:166,0
DA:167,0
DA:171,0
DA:172,0
DA:173,0
DA:177,0
DA:178,0
DA:179,0
DA:183,0
DA:184,0
DA:185,0
DA:186,0
DA:187,0
DA:192,0
DA:193,0
DA:194,0
DA:198,0
DA:199,0
DA:200,0
DA:203,0
DA:207,0
DA:208,0
DA:209,0
DA:212,0
DA:229,0
DA:230,0
DA:233,0
DA:234,0
DA:237,0
DA:238,0
DA:241,0
DA:247,0
DA:248,0
DA:250,0
DA:251,0
DA:253,0
DA:254,0
DA:256,0
DA:258,0
DA:259,0
DA:260,0
DA:261,0
DA:264,0
DA:265,0
DA:266,0
DA:267,0
DA:270,0
DA:271,0
DA:272,0
DA:273,0
DA:276,0
DA:277,0
DA:280,0
DA:281,0
DA:282,0
DA:283,0
DA:286,0
DA:287,0
DA:288,0
DA:289,0
DA:293,0
DA:294,0
DA:295,0
DA:296,0
DA:300,0
DA:301,0
DA:302,0
DA:304,0
DA:309,0
DA:312,0
DA:318,0
DA:319,0
DA:320,0
DA:330,0
DA:331,0
DA:333,0
DA:335,0
DA:337,0
DA:339,0
DA:341,0
DA:354,0
DA:355,0
DA:357,0
DA:358,0
DA:359,0
DA:360,0
DA:364,0
DA:365,0
DA:367,0
DA:368,0
DA:372,0
DA:373,0
DA:375,0
DA:376,0
DA:377,0
DA:378,0
DA:381,0
DA:387,0
DA:388,0
DA:390,0
DA:392,0
DA:394,0
DA:395,0
DA:397,0
DA:398,0
DA:399,0
DA:400,0
DA:401,0
DA:403,0
DA:406,0
DA:407,0
DA:408,0
DA:409,0
DA:411,0
DA:420,0
DA:421,0
DA:427,0
DA:428,0
DA:430,0
DA:433,0
DA:434,0
DA:435,0
DA:436,0
DA:437,0
DA:438,0
DA:440,0
DA:449,0
DA:450,0
DA:451,0
DA:457,0
DA:458,0
DA:459,0
DA:460,0
DA:461,0
DA:464,0
DA:467,0
DA:468,0
DA:475,0
DA:476,0
DA:483,0
DA:484,0
DA:491,0
DA:492,0
DA:499,0
LF:197
LH:0
BRDA:62,0,0,0
BRDA:63,1,0,0
BRDA:74,2,0,0
BRDA:74,2,1,0
BRDA:74,2,2,0
BRDA:74,2,3,0
BRDA:74,2,4,0
BRDA:74,2,5,0
BRDA:74,2,6,0
BRDA:82,3,0,0
BRDA:82,3,1,0
BRDA:85,4,0,0
BRDA:85,4,1,0
BRDA:106,5,0,0
BRDA:107,6,0,0
BRDA:110,7,0,0
BRDA:113,8,0,0
BRDA:126,9,0,0
BRDA:126,9,1,0
BRDA:126,10,0,0
BRDA:126,10,1,0
BRDA:126,11,0,0
BRDA:126,11,1,0
BRDA:126,12,0,0
BRDA:126,12,1,0
BRDA:126,13,0,0
BRDA:126,13,1,0
BRDA:127,14,0,0
BRDA:127,14,1,0
BRDA:127,15,0,0
BRDA:127,15,1,0
BRDA:127,16,0,0
BRDA:127,16,1,0
BRDA:135,17,0,0
BRDA:135,17,1,0
BRDA:135,17,2,0
BRDA:140,18,0,0
BRDA:140,19,0,0
BRDA:140,19,1,0
BRDA:145,20,0,0
BRDA:145,20,1,0
BRDA:150,21,0,0
BRDA:150,21,1,0
BRDA:150,21,2,0
BRDA:150,21,3,0
BRDA:150,21,4,0
BRDA:150,21,5,0
BRDA:157,22,0,0
BRDA:165,23,0,0
BRDA:166,24,0,0
BRDA:171,25,0,0
BRDA:171,26,0,0
BRDA:171,26,1,0
BRDA:172,27,0,0
BRDA:177,28,0,0
BRDA:177,29,0,0
BRDA:177,29,1,0
BRDA:178,30,0,0
BRDA:183,31,0,0
BRDA:185,32,0,0
BRDA:185,33,0,0
BRDA:185,33,1,0
BRDA:186,34,0,0
BRDA:192,35,0,0
BRDA:192,36,0,0
BRDA:192,36,1,0
BRDA:193,37,0,0
BRDA:198,38,0,0
BRDA:198,39,0,0
BRDA:198,39,1,0
BRDA:199,40,0,0
BRDA:208,41,0,0
BRDA:229,42,0,0
BRDA:233,43,0,0
BRDA:237,44,0,0
BRDA:256,45,0,0
BRDA:256,45,1,0
BRDA:256,45,2,0
BRDA:256,45,3,0
BRDA:256,45,4,0
BRDA:256,45,5,0
BRDA:256,45,6,0
BRDA:258,46,0,0
BRDA:258,46,1,0
BRDA:259,47,0,0
BRDA:259,47,1,0
BRDA:264,48,0,0
BRDA:264,48,1,0
BRDA:265,49,0,0
BRDA:265,49,1,0
BRDA:276,50,0,0
BRDA:276,50,1,0
BRDA:276,51,0,0
BRDA:276,51,1,0
BRDA:280,52,0,0
BRDA:280,52,1,0
BRDA:281,53,0,0
BRDA:281,53,1,0
BRDA:286,54,0,0
BRDA:286,54,1,0
BRDA:287,55,0,0
BRDA:287,55,1,0
BRDA:293,56,0,0
BRDA:293,56,1,0
BRDA:293,57,0,0
BRDA:293,57,1,0
BRDA:295,58,0,0
BRDA:295,58,1,0
BRDA:295,59,0,0
BRDA:295,59,1,0
BRDA:309,60,0,0
BRDA:309,60,1,0
BRDA:318,61,0,0
BRDA:331,62,0,0
BRDA:331,62,1,0
BRDA:331,62,2,0
BRDA:331,62,3,0
BRDA:331,62,4,0
BRDA:357,63,0,0
BRDA:367,64,0,0
BRDA:375,65,0,0
BRDA:376,66,0,0
BRDA:376,66,1,0
BRDA:377,67,0,0
BRDA:377,67,1,0
BRDA:387,68,0,0
BRDA:388,69,0,0
BRDA:392,70,0,0
BRDA:392,71,0,0
BRDA:392,71,1,0
BRDA:397,72,0,0
BRDA:397,72,1,0
BRDA:398,73,0,0
BRDA:398,73,1,0
BRDA:398,74,0,0
BRDA:398,74,1,0
BRDA:400,75,0,0
BRDA:400,75,1,0
BRDA:406,76,0,0
BRDA:406,76,1,0
BRDA:406,77,0,0
BRDA:406,77,1,0
BRDA:407,78,0,0
BRDA:407,78,1,0
BRDA:407,79,0,0
BRDA:407,79,1,0
BRDA:408,80,0,0
BRDA:408,80,1,0
BRDA:409,81,0,0
BRDA:409,81,1,0
BRDA:411,82,0,0
BRDA:411,82,1,0
BRDA:428,83,0,0
BRDA:433,84,0,0
BRDA:433,84,1,0
BRDA:435,85,0,0
BRDA:435,85,1,0
BRDA:437,86,0,0
BRDA:437,86,1,0
BRDA:450,87,0,0
BRDA:467,88,0,0
BRDA:475,89,0,0
BRDA:483,90,0,0
BRDA:491,91,0,0
BRF:164
BRH:0
end_of_record
TN:
SF:src\lib\utils.ts
FN:4,cn
FNF:1
FNH:0
FNDA:0,cn
DA:1,0
DA:2,0
DA:4,0
DA:5,0
LF:4
LH:0
BRF:0
BRH:0
end_of_record
TN:
SF:src\repositories\baseRepository.ts
FN:42,(anonymous_7)
FN:83,(anonymous_8)
FN:100,(anonymous_10)
FN:108,(anonymous_12)
FN:132,(anonymous_13)
FN:165,(anonymous_15)
FN:217,(anonymous_17)
FN:275,(anonymous_19)
FN:327,(anonymous_21)
FN:345,(anonymous_23)
FN:345,(anonymous_24)
FN:388,(anonymous_25)
FN:389,(anonymous_26)
FN:389,(anonymous_27)
FN:402,(anonymous_28)
FN:404,(anonymous_30)
FN:410,(anonymous_31)
FN:420,(anonymous_33)
FN:437,(anonymous_34)
FN:444,(anonymous_36)
FN:475,(anonymous_37)
FN:477,(anonymous_39)
FNF:22
FNH:0
FNDA:0,(anonymous_7)
FNDA:0,(anonymous_8)
FNDA:0,(anonymous_10)
FNDA:0,(anonymous_12)
FNDA:0,(anonymous_13)
FNDA:0,(anonymous_15)
FNDA:0,(anonymous_17)
FNDA:0,(anonymous_19)
FNDA:0,(anonymous_21)
FNDA:0,(anonymous_23)
FNDA:0,(anonymous_24)
FNDA:0,(anonymous_25)
FNDA:0,(anonymous_26)
FNDA:0,(anonymous_27)
FNDA:0,(anonymous_28)
FNDA:0,(anonymous_30)
FNDA:0,(anonymous_31)
FNDA:0,(anonymous_33)
FNDA:0,(anonymous_34)
FNDA:0,(anonymous_36)
FNDA:0,(anonymous_37)
FNDA:0,(anonymous_39)
DA:3,0
DA:19,0
DA:30,0
DA:47,0
DA:48,0
DA:49,0
DA:50,0
DA:53,0
DA:84,0
DA:85,0
DA:86,0
DA:87,0
DA:88,0
DA:89,0
DA:92,0
DA:101,0
DA:103,0
DA:104,0
DA:105,0
DA:108,0
DA:111,0
DA:113,0
DA:115,0
DA:121,0
DA:122,0
DA:124,0
DA:125,0
DA:133,0
DA:135,0
DA:136,0
DA:137,0
DA:139,0
DA:141,0
DA:144,0
DA:146,0
DA:149,0
DA:155,0
DA:157,0
DA:158,0
DA:166,0
DA:168,0
DA:171,0
DA:172,0
DA:174,0
DA:177,0
DA:180,0
DA:183,0
DA:186,0
DA:188,0
DA:190,0
DA:196,0
DA:202,0
DA:205,0
DA:207,0
DA:209,0
DA:210,0
DA:218,0
DA:220,0
DA:221,0
DA:222,0
DA:226,0
DA:229,0
DA:230,0
DA:232,0
DA:235,0
DA:238,0
DA:241,0
DA:244,0
DA:246,0
DA:248,0
DA:254,0
DA:260,0
DA:263,0
DA:265,0
DA:267,0
DA:268,0
DA:276,0
DA:278,0
DA:279,0
DA:281,0
DA:283,0
DA:285,0
DA:288,0
DA:290,0
DA:293,0
DA:299,0
DA:300,0
DA:301,0
DA:305,0
DA:312,0
DA:315,0
DA:317,0
DA:319,0
DA:320,0
DA:328,0
DA:329,0
DA:332,0
DA:333,0
DA:334,0
DA:337,0
DA:338,0
DA:339,0
DA:340,0
DA:343,0
DA:345,0
DA:346,0
DA:348,0
DA:351,0
DA:357,0
DA:363,0
DA:366,0
DA:367,0
DA:370,0
DA:372,0
DA:374,0
DA:377,0
DA:378,0
DA:380,0
DA:384,0
DA:387,0
DA:388,0
DA:389,0
DA:392,0
DA:393,0
DA:395,0
DA:403,0
DA:404,0
DA:411,0
DA:412,0
DA:415,0
DA:417,0
DA:420,0
DA:423,0
DA:426,0
DA:428,0
DA:429,0
DA:438,0
DA:440,0
DA:441,0
DA:444,0
DA:445,0
DA:446,0
DA:451,0
DA:452,0
DA:454,0
DA:456,0
DA:457,0
DA:461,0
DA:463,0
DA:464,0
DA:466,0
DA:470,0
DA:471,0
DA:476,0
DA:477,0
LF:155
LH:0
BRDA:84,0,0,0
BRDA:87,1,0,0
BRDA:103,2,0,0
BRDA:135,3,0,0
BRDA:139,4,0,0
BRDA:171,5,0,0
BRDA:221,6,0,0
BRDA:229,7,0,0
BRDA:278,8,0,0
BRDA:283,9,0,0
BRDA:300,10,0,0
BRDA:328,11,0,0
BRDA:328,12,0,0
BRDA:328,12,1,0
BRDA:338,13,0,0
BRDA:377,14,0,0
BRDA:377,14,1,0
BRDA:411,15,0,0
BRDA:445,16,0,0
BRDA:454,17,0,0
BRDA:454,18,0,0
BRDA:454,18,1,0
BRDA:463,19,0,0
BRDA:463,19,1,0
BRF:24
BRH:0
end_of_record
TN:
SF:src\repositories\projectRepository.ts
FN:33,(anonymous_8)
FN:53,(anonymous_9)
FN:57,(anonymous_10)
FN:61,(anonymous_11)
FN:69,(anonymous_12)
FN:85,(anonymous_13)
FN:97,(anonymous_14)
FN:130,(anonymous_15)
FN:157,(anonymous_16)
FN:167,(anonymous_18)
FN:169,(anonymous_20)
FN:175,(anonymous_21)
FN:177,(anonymous_23)
FNF:13
FNH:0
FNDA:0,(anonymous_8)
FNDA:0,(anonymous_9)
FNDA:0,(anonymous_10)
FNDA:0,(anonymous_11)
FNDA:0,(anonymous_12)
FNDA:0,(anonymous_13)
FNDA:0,(anonymous_14)
FNDA:0,(anonymous_15)
FNDA:0,(anonymous_16)
FNDA:0,(anonymous_18)
FNDA:0,(anonymous_20)
FNDA:0,(anonymous_21)
FNDA:0,(anonymous_23)
DA:3,0
DA:4,0
DA:5,0
DA:6,0
DA:7,0
DA:30,0
DA:31,0
DA:35,0
DA:38,0
DA:44,0
DA:50,0
DA:53,0
DA:54,0
DA:57,0
DA:58,0
DA:61,0
DA:62,0
DA:71,0
DA:74,0
DA:87,0
DA:90,0
DA:91,0
DA:99,0
DA:131,0
DA:136,0
DA:137,0
DA:138,0
DA:139,0
DA:140,0
DA:141,0
DA:142,0
DA:143,0
DA:144,0
DA:145,0
DA:148,0
DA:150,0
DA:159,0
DA:160,0
DA:168,0
DA:169,0
DA:176,0
DA:177,0
LF:42
LH:0
BRDA:35,0,0,0
BRDA:35,0,1,0
BRDA:101,1,0,0
BRDA:101,1,1,0
BRDA:102,2,0,0
BRDA:102,2,1,0
BRDA:103,3,0,0
BRDA:103,3,1,0
BRDA:112,4,0,0
BRDA:112,4,1,0
BRDA:113,5,0,0
BRDA:113,5,1,0
BRDA:116,6,0,0
BRDA:116,6,1,0
BRDA:117,7,0,0
BRDA:117,7,1,0
BRDA:118,8,0,0
BRDA:118,8,1,0
BRDA:136,9,0,0
BRDA:137,10,0,0
BRDA:138,11,0,0
BRDA:139,12,0,0
BRDA:140,13,0,0
BRDA:141,14,0,0
BRDA:142,15,0,0
BRDA:143,16,0,0
BRDA:144,17,0,0
BRDA:145,18,0,0
BRF:28
BRH:0
end_of_record
TN:
SF:src\repositories\taskRepository.backup.ts
FN:43,(anonymous_7)
FN:52,(anonymous_8)
FN:54,(anonymous_9)
FN:63,(anonymous_10)
FN:97,(anonymous_11)
FN:114,(anonymous_12)
FN:129,(anonymous_14)
FN:194,(anonymous_15)
FN:272,(anonymous_16)
FN:284,(anonymous_18)
FN:295,(anonymous_19)
FN:327,(anonymous_20)
FN:338,(anonymous_22)
FN:367,(anonymous_23)
FN:490,(anonymous_25)
FN:602,(anonymous_27)
FN:676,(anonymous_29)
FN:697,(anonymous_31)
FN:713,(anonymous_33)
FN:794,(anonymous_34)
FN:801,(anonymous_36)
FN:811,(anonymous_37)
FN:825,(anonymous_39)
FN:829,(anonymous_40)
FN:877,(anonymous_41)
FNF:25
FNH:0
FNDA:0,(anonymous_7)
FNDA:0,(anonymous_8)
FNDA:0,(anonymous_9)
FNDA:0,(anonymous_10)
FNDA:0,(anonymous_11)
FNDA:0,(anonymous_12)
FNDA:0,(anonymous_14)
FNDA:0,(anonymous_15)
FNDA:0,(anonymous_16)
FNDA:0,(anonymous_18)
FNDA:0,(anonymous_19)
FNDA:0,(anonymous_20)
FNDA:0,(anonymous_22)
FNDA:0,(anonymous_23)
FNDA:0,(anonymous_25)
FNDA:0,(anonymous_27)
FNDA:0,(anonymous_29)
FNDA:0,(anonymous_31)
FNDA:0,(anonymous_33)
FNDA:0,(anonymous_34)
FNDA:0,(anonymous_36)
FNDA:0,(anonymous_37)
FNDA:0,(anonymous_39)
FNDA:0,(anonymous_40)
FNDA:0,(anonymous_41)
DA:1,0
DA:4,0
DA:5,0
DA:6,0
DA:9,0
DA:10,0
DA:35,0
DA:39,0
DA:40,0
DA:41,0
DA:45,0
DA:48,0
DA:52,0
DA:54,0
DA:60,0
DA:61,0
DA:63,0
DA:97,0
DA:103,0
DA:105,0
DA:106,0
DA:115,0
DA:117,0
DA:118,0
DA:119,0
DA:121,0
DA:122,0
DA:131,0
DA:134,0
DA:135,0
DA:136,0
DA:142,0
DA:144,0
DA:146,0
DA:150,0
DA:196,0
DA:197,0
DA:198,0
DA:201,0
DA:202,0
DA:203,0
DA:204,0
DA:207,0
DA:208,0
DA:209,0
DA:210,0
DA:211,0
DA:212,0
DA:213,0
DA:216,0
DA:217,0
DA:222,0
DA:223,0
DA:226,0
DA:227,0
DA:228,0
DA:229,0
DA:233,0
DA:273,0
DA:274,0
DA:277,0
DA:278,0
DA:279,0
DA:280,0
DA:281,0
DA:284,0
DA:286,0
DA:289,0
DA:293,0
DA:294,0
DA:295,0
DA:296,0
DA:300,0
DA:302,0
DA:308,0
DA:309,0
DA:310,0
DA:311,0
DA:312,0
DA:313,0
DA:315,0
DA:320,0
DA:321,0
DA:329,0
DA:330,0
DA:331,0
DA:334,0
DA:337,0
DA:338,0
DA:339,0
DA:343,0
DA:345,0
DA:351,0
DA:352,0
DA:353,0
DA:354,0
DA:356,0
DA:361,0
DA:369,0
DA:372,0
DA:387,0
DA:388,0
DA:389,0
DA:393,0
DA:394,0
DA:430,0
DA:432,0
DA:434,0
DA:435,0
DA:438,0
DA:441,0
DA:442,0
DA:449,0
DA:452,0
DA:454,0
DA:460,0
DA:463,0
DA:466,0
DA:467,0
DA:469,0
DA:472,0
DA:479,0
DA:483,0
DA:491,0
DA:494,0
DA:495,0
DA:497,0
DA:498,0
DA:499,0
DA:503,0
DA:506,0
DA:524,0
DA:526,0
DA:529,0
DA:532,0
DA:533,0
DA:540,0
DA:542,0
DA:544,0
DA:545,0
DA:551,0
DA:552,0
DA:554,0
DA:555,0
DA:556,0
DA:560,0
DA:563,0
DA:581,0
DA:583,0
DA:589,0
DA:591,0
DA:592,0
DA:596,0
DA:604,0
DA:605,0
DA:607,0
DA:608,0
DA:609,0
DA:613,0
DA:614,0
DA:621,0
DA:623,0
DA:626,0
DA:627,0
DA:628,0
DA:629,0
DA:638,0
DA:640,0
DA:642,0
DA:643,0
DA:649,0
DA:650,0
DA:651,0
DA:652,0
DA:653,0
DA:656,0
DA:663,0
DA:665,0
DA:666,0
DA:670,0
DA:677,0
DA:680,0
DA:681,0
DA:682,0
DA:683,0
DA:684,0
DA:686,0
DA:689,0
DA:699,0
DA:700,0
DA:704,0
DA:705,0
DA:708,0
DA:710,0
DA:712,0
DA:713,0
DA:715,0
DA:716,0
DA:717,0
DA:720,0
DA:723,0
DA:724,0
DA:726,0
DA:728,0
DA:731,0
DA:734,0
DA:736,0
DA:739,0
DA:742,0
DA:744,0
DA:750,0
DA:754,0
DA:757,0
DA:759,0
DA:762,0
DA:768,0
DA:771,0
DA:774,0
DA:782,0
DA:784,0
DA:785,0
DA:787,0
DA:795,0
DA:796,0
DA:799,0
DA:800,0
DA:801,0
DA:803,0
DA:804,0
DA:812,0
DA:813,0
DA:816,0
DA:817,0
DA:820,0
DA:822,0
DA:824,0
DA:825,0
DA:828,0
DA:829,0
DA:830,0
DA:831,0
DA:836,0
DA:837,0
DA:839,0
DA:841,0
DA:845,0
DA:848,0
DA:849,0
DA:850,0
DA:856,0
DA:865,0
DA:867,0
DA:868,0
DA:880,0
DA:885,0
LF:255
LH:0
BRDA:45,0,0,0
BRDA:45,0,1,0
BRDA:72,1,0,0
BRDA:72,1,1,0
BRDA:131,2,0,0
BRDA:131,2,1,0
BRDA:134,3,0,0
BRDA:134,4,0,0
BRDA:134,4,1,0
BRDA:138,5,0,0
BRDA:138,5,1,0
BRDA:139,6,0,0
BRDA:139,6,1,0
BRDA:146,7,0,0
BRDA:146,7,1,0
BRDA:156,8,0,0
BRDA:156,8,1,0
BRDA:157,9,0,0
BRDA:157,9,1,0
BRDA:158,10,0,0
BRDA:158,10,1,0
BRDA:159,11,0,0
BRDA:159,11,1,0
BRDA:161,12,0,0
BRDA:161,12,1,0
BRDA:184,13,0,0
BRDA:184,13,1,0
BRDA:186,14,0,0
BRDA:186,14,1,0
BRDA:187,15,0,0
BRDA:187,15,1,0
BRDA:201,16,0,0
BRDA:201,16,1,0
BRDA:201,17,0,0
BRDA:201,17,1,0
BRDA:207,18,0,0
BRDA:222,19,0,0
BRDA:222,19,1,0
BRDA:223,20,0,0
BRDA:223,20,1,0
BRDA:227,21,0,0
BRDA:228,22,0,0
BRDA:236,23,0,0
BRDA:236,23,1,0
BRDA:239,24,0,0
BRDA:239,24,1,0
BRDA:242,25,0,0
BRDA:242,25,1,0
BRDA:244,26,0,0
BRDA:244,26,1,0
BRDA:245,27,0,0
BRDA:245,27,1,0
BRDA:247,28,0,0
BRDA:247,28,1,0
BRDA:248,29,0,0
BRDA:248,29,1,0
BRDA:262,30,0,0
BRDA:262,30,1,0
BRDA:263,31,0,0
BRDA:263,31,1,0
BRDA:264,32,0,0
BRDA:264,32,1,0
BRDA:265,33,0,0
BRDA:265,33,1,0
BRDA:274,34,0,0
BRDA:274,34,1,0
BRDA:277,35,0,0
BRDA:293,36,0,0
BRDA:308,37,0,0
BRDA:329,38,0,0
BRDA:334,39,0,0
BRDA:334,39,1,0
BRDA:337,40,0,0
BRDA:337,41,0,0
BRDA:337,41,1,0
BRDA:351,42,0,0
BRDA:374,43,0,0
BRDA:374,43,1,0
BRDA:375,44,0,0
BRDA:375,44,1,0
BRDA:376,45,0,0
BRDA:376,45,1,0
BRDA:377,46,0,0
BRDA:377,46,1,0
BRDA:379,47,0,0
BRDA:379,47,1,0
BRDA:380,48,0,0
BRDA:380,48,1,0
BRDA:381,49,0,0
BRDA:381,49,1,0
BRDA:388,50,0,0
BRDA:396,51,0,0
BRDA:396,51,1,0
BRDA:397,52,0,0
BRDA:397,52,1,0
BRDA:398,53,0,0
BRDA:398,53,1,0
BRDA:399,54,0,0
BRDA:399,54,1,0
BRDA:400,55,0,0
BRDA:400,55,1,0
BRDA:401,56,0,0
BRDA:401,56,1,0
BRDA:403,57,0,0
BRDA:403,57,1,0
BRDA:404,58,0,0
BRDA:404,58,1,0
BRDA:406,59,0,0
BRDA:406,59,1,0
BRDA:407,60,0,0
BRDA:407,60,1,0
BRDA:408,61,0,0
BRDA:408,61,1,0
BRDA:409,62,0,0
BRDA:409,62,1,0
BRDA:412,63,0,0
BRDA:412,63,1,0
BRDA:413,64,0,0
BRDA:413,64,1,0
BRDA:414,65,0,0
BRDA:414,65,1,0
BRDA:434,66,0,0
BRDA:434,66,1,0
BRDA:441,67,0,0
BRDA:466,68,0,0
BRDA:494,69,0,0
BRDA:498,70,0,0
BRDA:509,71,0,0
BRDA:509,71,1,0
BRDA:510,72,0,0
BRDA:510,72,1,0
BRDA:511,73,0,0
BRDA:511,73,1,0
BRDA:512,74,0,0
BRDA:512,74,1,0
BRDA:513,75,0,0
BRDA:513,75,1,0
BRDA:513,76,0,0
BRDA:513,76,1,0
BRDA:514,77,0,0
BRDA:514,77,1,0
BRDA:515,78,0,0
BRDA:515,78,1,0
BRDA:517,79,0,0
BRDA:517,79,1,0
BRDA:518,80,0,0
BRDA:518,80,1,0
BRDA:532,81,0,0
BRDA:544,82,0,0
BRDA:551,83,0,0
BRDA:555,84,0,0
BRDA:566,85,0,0
BRDA:566,85,1,0
BRDA:567,86,0,0
BRDA:567,86,1,0
BRDA:568,87,0,0
BRDA:568,87,1,0
BRDA:569,88,0,0
BRDA:569,88,1,0
BRDA:570,89,0,0
BRDA:570,89,1,0
BRDA:570,90,0,0
BRDA:570,90,1,0
BRDA:571,91,0,0
BRDA:571,91,1,0
BRDA:572,92,0,0
BRDA:572,92,1,0
BRDA:574,93,0,0
BRDA:574,93,1,0
BRDA:575,94,0,0
BRDA:575,94,1,0
BRDA:604,95,0,0
BRDA:608,96,0,0
BRDA:626,97,0,0
BRDA:628,98,0,0
BRDA:642,99,0,0
BRDA:649,100,0,0
BRDA:652,101,0,0
BRDA:677,102,0,0
BRDA:683,103,0,0
BRDA:683,103,1,0
BRDA:699,104,0,0
BRDA:699,105,0,0
BRDA:699,105,1,0
BRDA:704,106,0,0
BRDA:715,107,0,0
BRDA:728,108,0,0
BRDA:728,108,1,0
BRDA:795,109,0,0
BRDA:812,110,0,0
BRDA:822,111,0,0
BRDA:830,112,0,0
BRDA:839,113,0,0
BRDA:849,114,0,0
BRDA:849,114,1,0
BRF:195
BRH:0
end_of_record
TN:
SF:src\repositories\taskRepository.ts
FN:36,(anonymous_8)
FN:56,(anonymous_9)
FN:60,(anonymous_10)
FN:64,(anonymous_11)
FN:72,(anonymous_12)
FN:118,(anonymous_13)
FN:161,(anonymous_14)
FN:193,(anonymous_15)
FN:224,(anonymous_16)
FN:232,(anonymous_18)
FN:249,(anonymous_19)
FN:251,(anonymous_21)
FN:258,(anonymous_22)
FN:260,(anonymous_24)
FNF:14
FNH:0
FNDA:0,(anonymous_8)
FNDA:0,(anonymous_9)
FNDA:0,(anonymous_10)
FNDA:0,(anonymous_11)
FNDA:0,(anonymous_12)
FNDA:0,(anonymous_13)
FNDA:0,(anonymous_14)
FNDA:0,(anonymous_15)
FNDA:0,(anonymous_16)
FNDA:0,(anonymous_18)
FNDA:0,(anonymous_19)
FNDA:0,(anonymous_21)
FNDA:0,(anonymous_22)
FNDA:0,(anonymous_24)
DA:1,0
DA:3,0
DA:4,0
DA:5,0
DA:7,0
DA:8,0
DA:33,0
DA:34,0
DA:38,0
DA:41,0
DA:47,0
DA:53,0
DA:56,0
DA:57,0
DA:60,0
DA:61,0
DA:64,0
DA:65,0
DA:74,0
DA:77,0
DA:112,0
DA:120,0
DA:151,0
DA:154,0
DA:155,0
DA:163,0
DA:167,0
DA:194,0
DA:199,0
DA:200,0
DA:201,0
DA:202,0
DA:203,0
DA:204,0
DA:206,0
DA:209,0
DA:211,0
DA:212,0
DA:215,0
DA:217,0
DA:225,0
DA:233,0
DA:236,0
DA:237,0
DA:238,0
DA:239,0
DA:242,0
DA:250,0
DA:251,0
DA:259,0
DA:260,0
DA:265,0
LF:52
LH:0
BRDA:38,0,0,0
BRDA:38,0,1,0
BRDA:81,1,0,0
BRDA:81,1,1,0
BRDA:86,2,0,0
BRDA:86,2,1,0
BRDA:88,3,0,0
BRDA:88,3,1,0
BRDA:91,4,0,0
BRDA:91,4,1,0
BRDA:92,5,0,0
BRDA:92,5,1,0
BRDA:95,6,0,0
BRDA:95,6,1,0
BRDA:128,7,0,0
BRDA:128,7,1,0
BRDA:130,8,0,0
BRDA:130,8,1,0
BRDA:146,9,0,0
BRDA:146,9,1,0
BRDA:163,10,0,0
BRDA:163,10,1,0
BRDA:163,11,0,0
BRDA:163,11,1,0
BRDA:164,12,0,0
BRDA:164,12,1,0
BRDA:169,13,0,0
BRDA:169,13,1,0
BRDA:170,14,0,0
BRDA:170,14,1,0
BRDA:171,15,0,0
BRDA:171,15,1,0
BRDA:172,16,0,0
BRDA:172,16,1,0
BRDA:173,17,0,0
BRDA:173,17,1,0
BRDA:175,18,0,0
BRDA:175,18,1,0
BRDA:176,19,0,0
BRDA:176,19,1,0
BRDA:199,20,0,0
BRDA:200,21,0,0
BRDA:201,22,0,0
BRDA:202,23,0,0
BRDA:203,24,0,0
BRDA:203,25,0,0
BRDA:203,25,1,0
BRDA:204,26,0,0
BRDA:206,27,0,0
BRDA:206,27,1,0
BRDA:209,28,0,0
BRDA:209,28,1,0
BRDA:211,29,0,0
BRDA:212,30,0,0
BRDA:233,31,0,0
BRDA:237,32,0,0
BRDA:237,33,0,0
BRDA:237,33,1,0
BRDA:239,34,0,0
BRDA:239,34,1,0
BRF:60
BRH:0
end_of_record
TN:
SF:src\repositories\taskRepositoryRefactored.ts
FN:38,(anonymous_7)
FN:58,(anonymous_8)
FN:62,(anonymous_9)
FN:66,(anonymous_10)
FN:74,(anonymous_11)
FN:118,(anonymous_12)
FN:151,(anonymous_13)
FN:191,(anonymous_14)
FN:216,(anonymous_15)
FN:224,(anonymous_17)
FN:233,(anonymous_18)
FN:235,(anonymous_20)
FN:242,(anonymous_21)
FN:244,(anonymous_23)
FNF:14
FNH:0
FNDA:0,(anonymous_7)
FNDA:0,(anonymous_8)
FNDA:0,(anonymous_9)
FNDA:0,(anonymous_10)
FNDA:0,(anonymous_11)
FNDA:0,(anonymous_12)
FNDA:0,(anonymous_13)
FNDA:0,(anonymous_14)
FNDA:0,(anonymous_15)
FNDA:0,(anonymous_17)
FNDA:0,(anonymous_18)
FNDA:0,(anonymous_20)
FNDA:0,(anonymous_21)
FNDA:0,(anonymous_23)
DA:3,0
DA:4,0
DA:5,0
DA:7,0
DA:37,0
DA:40,0
DA:43,0
DA:49,0
DA:55,0
DA:58,0
DA:59,0
DA:62,0
DA:63,0
DA:66,0
DA:67,0
DA:76,0
DA:112,0
DA:120,0
DA:153,0
DA:192,0
DA:197,0
DA:198,0
DA:199,0
DA:200,0
DA:201,0
DA:202,0
DA:203,0
DA:204,0
DA:207,0
DA:209,0
DA:217,0
DA:225,0
DA:226,0
DA:234,0
DA:235,0
DA:243,0
DA:244,0
DA:249,0
LF:38
LH:0
BRDA:40,0,0,0
BRDA:40,0,1,0
BRDA:80,1,0,0
BRDA:80,1,1,0
BRDA:86,2,0,0
BRDA:86,2,1,0
BRDA:90,3,0,0
BRDA:90,3,1,0
BRDA:155,4,0,0
BRDA:155,4,1,0
BRDA:156,5,0,0
BRDA:156,5,1,0
BRDA:157,6,0,0
BRDA:157,6,1,0
BRDA:158,7,0,0
BRDA:158,7,1,0
BRDA:159,8,0,0
BRDA:159,8,1,0
BRDA:161,9,0,0
BRDA:161,9,1,0
BRDA:162,10,0,0
BRDA:162,10,1,0
BRDA:197,11,0,0
BRDA:198,12,0,0
BRDA:199,13,0,0
BRDA:200,14,0,0
BRDA:201,15,0,0
BRDA:201,16,0,0
BRDA:201,16,1,0
BRDA:202,17,0,0
BRDA:202,18,0,0
BRDA:202,18,1,0
BRDA:203,19,0,0
BRDA:204,20,0,0
BRDA:225,21,0,0
BRF:35
BRH:0
end_of_record
TN:
SF:src\repositories\storage\indexedDBAdapter.ts
FN:14,(anonymous_7)
FN:31,(anonymous_8)
FN:34,(anonymous_10)
FN:37,(anonymous_11)
FN:42,(anonymous_12)
FN:47,(anonymous_13)
FN:62,(anonymous_14)
FN:65,(anonymous_16)
FN:70,(anonymous_17)
FN:74,(anonymous_18)
FN:88,(anonymous_19)
FN:91,(anonymous_21)
FN:96,(anonymous_22)
FN:104,(anonymous_23)
FN:118,(anonymous_24)
FN:130,(anonymous_26)
FN:135,(anonymous_27)
FN:139,(anonymous_28)
FN:153,(anonymous_29)
FN:169,(anonymous_31)
FN:174,(anonymous_32)
FN:178,(anonymous_33)
FN:192,(anonymous_34)
FN:195,(anonymous_36)
FN:200,(anonymous_37)
FN:204,(anonymous_38)
FN:218,(anonymous_39)
FN:231,(anonymous_41)
FN:246,(anonymous_43)
FN:249,(anonymous_45)
FN:259,(anonymous_46)
FN:262,(anonymous_48)
FN:267,(anonymous_49)
FN:271,(anonymous_50)
FNF:34
FNH:0
FNDA:0,(anonymous_7)
FNDA:0,(anonymous_8)
FNDA:0,(anonymous_10)
FNDA:0,(anonymous_11)
FNDA:0,(anonymous_12)
FNDA:0,(anonymous_13)
FNDA:0,(anonymous_14)
FNDA:0,(anonymous_16)
FNDA:0,(anonymous_17)
FNDA:0,(anonymous_18)
FNDA:0,(anonymous_19)
FNDA:0,(anonymous_21)
FNDA:0,(anonymous_22)
FNDA:0,(anonymous_23)
FNDA:0,(anonymous_24)
FNDA:0,(anonymous_26)
FNDA:0,(anonymous_27)
FNDA:0,(anonymous_28)
FNDA:0,(anonymous_29)
FNDA:0,(anonymous_31)
FNDA:0,(anonymous_32)
FNDA:0,(anonymous_33)
FNDA:0,(anonymous_34)
FNDA:0,(anonymous_36)
FNDA:0,(anonymous_37)
FNDA:0,(anonymous_38)
FNDA:0,(anonymous_39)
FNDA:0,(anonymous_41)
FNDA:0,(anonymous_43)
FNDA:0,(anonymous_45)
FNDA:0,(anonymous_46)
FNDA:0,(anonymous_48)
FNDA:0,(anonymous_49)
FNDA:0,(anonymous_50)
DA:2,0
DA:8,0
DA:12,0
DA:23,0
DA:24,0
DA:25,0
DA:32,0
DA:34,0
DA:35,0
DA:37,0
DA:38,0
DA:39,0
DA:42,0
DA:43,0
DA:44,0
DA:47,0
DA:48,0
DA:51,0
DA:52,0
DA:53,0
DA:63,0
DA:64,0
DA:65,0
DA:66,0
DA:67,0
DA:68,0
DA:70,0
DA:71,0
DA:74,0
DA:75,0
DA:76,0
DA:80,0
DA:81,0
DA:89,0
DA:90,0
DA:91,0
DA:92,0
DA:93,0
DA:94,0
DA:96,0
DA:97,0
DA:98,0
DA:100,0
DA:104,0
DA:105,0
DA:106,0
DA:110,0
DA:111,0
DA:119,0
DA:120,0
DA:122,0
DA:130,0
DA:131,0
DA:132,0
DA:133,0
DA:135,0
DA:136,0
DA:139,0
DA:140,0
DA:141,0
DA:145,0
DA:146,0
DA:154,0
DA:155,0
DA:156,0
DA:158,0
DA:159,0
DA:162,0
DA:169,0
DA:170,0
DA:171,0
DA:172,0
DA:174,0
DA:175,0
DA:178,0
DA:179,0
DA:180,0
DA:184,0
DA:185,0
DA:193,0
DA:194,0
DA:195,0
DA:196,0
DA:197,0
DA:198,0
DA:200,0
DA:201,0
DA:204,0
DA:205,0
DA:206,0
DA:210,0
DA:211,0
DA:219,0
DA:220,0
DA:221,0
DA:223,0
DA:224,0
DA:232,0
DA:233,0
DA:234,0
DA:235,0
DA:238,0
DA:239,0
DA:247,0
DA:248,0
DA:249,0
DA:251,0
DA:252,0
DA:260,0
DA:261,0
DA:262,0
DA:263,0
DA:264,0
DA:265,0
DA:267,0
DA:268,0
DA:271,0
DA:272,0
DA:273,0
DA:277,0
DA:278,0
LF:121
LH:0
BRDA:16,0,0,0
BRDA:23,1,0,0
BRDA:23,1,1,0
BRDA:25,2,0,0
BRDA:25,2,1,0
BRDA:32,3,0,0
BRDA:51,4,0,0
BRDA:97,5,0,0
BRDA:97,5,1,0
BRDA:124,6,0,0
BRDA:124,6,1,0
BRDA:125,7,0,0
BRDA:125,7,1,0
BRDA:158,8,0,0
BRDA:234,9,0,0
BRF:15
BRH:0
end_of_record
TN:
SF:src\repositories\storage\supabaseAdapter.ts
FN:7,isUserAdmin
FN:31,(anonymous_9)
FN:59,(anonymous_10)
FN:120,(anonymous_12)
FN:175,(anonymous_14)
FN:215,(anonymous_16)
FN:271,(anonymous_18)
FN:316,(anonymous_20)
FN:328,isDevelopment
FNF:9
FNH:0
FNDA:0,isUserAdmin
FNDA:0,(anonymous_9)
FNDA:0,(anonymous_10)
FNDA:0,(anonymous_12)
FNDA:0,(anonymous_14)
FNDA:0,(anonymous_16)
FNDA:0,(anonymous_18)
FNDA:0,(anonymous_20)
FNDA:0,isDevelopment
DA:1,0
DA:8,0
DA:9,0
DA:10,0
DA:12,0
DA:18,0
DA:20,0
DA:22,0
DA:23,0
DA:30,0
DA:32,0
DA:33,0
DA:60,0
DA:62,0
DA:65,0
DA:67,0
DA:68,0
DA:70,0
DA:73,0
DA:77,0
DA:79,0
DA:82,0
DA:83,0
DA:88,0
DA:89,0
DA:94,0
DA:96,0
DA:97,0
DA:98,0
DA:101,0
DA:102,0
DA:106,0
DA:107,0
DA:110,0
DA:112,0
DA:113,0
DA:121,0
DA:123,0
DA:126,0
DA:127,0
DA:128,0
DA:130,0
DA:133,0
DA:140,0
DA:142,0
DA:145,0
DA:146,0
DA:150,0
DA:152,0
DA:153,0
DA:155,0
DA:157,0
DA:161,0
DA:162,0
DA:165,0
DA:167,0
DA:168,0
DA:176,0
DA:178,0
DA:181,0
DA:182,0
DA:186,0
DA:190,0
DA:196,0
DA:197,0
DA:201,0
DA:202,0
DA:205,0
DA:207,0
DA:208,0
DA:216,0
DA:218,0
DA:221,0
DA:222,0
DA:226,0
DA:230,0
DA:236,0
DA:238,0
DA:241,0
DA:242,0
DA:246,0
DA:248,0
DA:249,0
DA:252,0
DA:253,0
DA:257,0
DA:258,0
DA:261,0
DA:263,0
DA:264,0
DA:272,0
DA:274,0
DA:277,0
DA:278,0
DA:281,0
DA:286,0
DA:289,0
DA:291,0
DA:294,0
DA:295,0
DA:299,0
DA:301,0
DA:303,0
DA:305,0
DA:306,0
DA:317,0
DA:318,0
DA:319,0
DA:321,0
DA:322,0
DA:329,0
LF:111
LH:0
BRDA:10,0,0,0
BRDA:10,1,0,0
BRDA:10,1,1,0
BRDA:10,2,0,0
BRDA:10,2,1,0
BRDA:18,3,0,0
BRDA:18,4,0,0
BRDA:18,4,1,0
BRDA:20,5,0,0
BRDA:20,5,1,0
BRDA:20,6,0,0
BRDA:20,6,1,0
BRDA:33,7,0,0
BRDA:65,8,0,0
BRDA:67,9,0,0
BRDA:73,10,0,0
BRDA:73,10,1,0
BRDA:77,11,0,0
BRDA:77,12,0,0
BRDA:77,12,1,0
BRDA:77,13,0,0
BRDA:77,13,1,0
BRDA:77,14,0,0
BRDA:77,14,1,0
BRDA:82,15,0,0
BRDA:88,16,0,0
BRDA:96,17,0,0
BRDA:101,18,0,0
BRDA:102,19,0,0
BRDA:102,19,1,0
BRDA:106,20,0,0
BRDA:106,21,0,0
BRDA:106,21,1,0
BRDA:126,22,0,0
BRDA:127,23,0,0
BRDA:135,24,0,0
BRDA:135,24,1,0
BRDA:140,25,0,0
BRDA:140,26,0,0
BRDA:140,26,1,0
BRDA:140,27,0,0
BRDA:140,27,1,0
BRDA:140,28,0,0
BRDA:140,28,1,0
BRDA:145,29,0,0
BRDA:152,30,0,0
BRDA:153,31,0,0
BRDA:161,32,0,0
BRDA:161,33,0,0
BRDA:161,33,1,0
BRDA:181,34,0,0
BRDA:186,35,0,0
BRDA:186,35,1,0
BRDA:196,36,0,0
BRDA:201,37,0,0
BRDA:221,38,0,0
BRDA:226,39,0,0
BRDA:226,39,1,0
BRDA:236,40,0,0
BRDA:236,41,0,0
BRDA:236,41,1,0
BRDA:236,42,0,0
BRDA:236,42,1,0
BRDA:236,43,0,0
BRDA:236,43,1,0
BRDA:241,44,0,0
BRDA:248,45,0,0
BRDA:252,46,0,0
BRDA:257,47,0,0
BRDA:277,48,0,0
BRDA:289,49,0,0
BRDA:289,50,0,0
BRDA:289,50,1,0
BRDA:289,51,0,0
BRDA:289,51,1,0
BRDA:289,52,0,0
BRDA:289,52,1,0
BRDA:294,53,0,0
BRDA:301,54,0,0
BRF:79
BRH:0
end_of_record
TN:
SF:src\services\AppInitializer.ts
FN:19,(anonymous_7)
FN:51,(anonymous_9)
FN:53,(anonymous_10)
FN:59,(anonymous_11)
FN:70,(anonymous_12)
FN:88,(anonymous_13)
FN:99,(anonymous_14)
FNF:7
FNH:0
FNDA:0,(anonymous_7)
FNDA:0,(anonymous_9)
FNDA:0,(anonymous_10)
FNDA:0,(anonymous_11)
FNDA:0,(anonymous_12)
FNDA:0,(anonymous_13)
FNDA:0,(anonymous_14)
DA:1,0
DA:2,0
DA:3,0
DA:4,0
DA:13,0
DA:14,0
DA:20,0
DA:21,0
DA:22,0
DA:25,0
DA:27,0
DA:30,0
DA:33,0
DA:36,0
DA:39,0
DA:41,0
DA:43,0
DA:44,0
DA:53,0
DA:54,0
DA:59,0
DA:60,0
DA:64,0
DA:71,0
DA:74,0
DA:75,0
DA:76,0
DA:80,0
DA:82,0
DA:89,0
DA:100,0
DA:101,0
DA:103,0
DA:104,0
DA:107,0
DA:108,0
DA:110,0
DA:113,0
LF:38
LH:0
BRDA:20,0,0,0
BRDA:54,1,0,0
BRDA:54,1,1,0
BRDA:75,2,0,0
BRDA:90,3,0,0
BRDA:90,3,1,0
BRDA:90,3,2,0
BRDA:103,4,0,0
BRDA:107,5,0,0
BRDA:107,5,1,0
BRF:10
BRH:0
end_of_record
TN:
SF:src\services\BaseService.ts
FN:34,(anonymous_0)
FN:41,(anonymous_1)
FN:52,(anonymous_2)
FN:58,(anonymous_3)
FN:68,(anonymous_4)
FN:87,(anonymous_5)
FN:109,(anonymous_6)
FN:119,(anonymous_7)
FN:134,(anonymous_8)
FN:142,(anonymous_9)
FNF:10
FNH:0
FNDA:0,(anonymous_0)
FNDA:0,(anonymous_1)
FNDA:0,(anonymous_2)
FNDA:0,(anonymous_3)
FNDA:0,(anonymous_4)
FNDA:0,(anonymous_5)
FNDA:0,(anonymous_6)
FNDA:0,(anonymous_7)
FNDA:0,(anonymous_8)
FNDA:0,(anonymous_9)
DA:34,0
DA:35,0
DA:36,0
DA:45,0
DA:46,0
DA:49,0
DA:52,0
DA:62,0
DA:72,0
DA:73,0
DA:75,0
DA:76,0
DA:77,0
DA:79,0
DA:89,0
DA:90,0
DA:99,0
DA:110,0
DA:120,0
DA:123,0
DA:125,0
DA:135,0
DA:136,0
DA:143,0
LF:24
LH:0
BRDA:45,0,0,0
BRDA:49,1,0,0
BRDA:49,1,1,0
BRDA:49,2,0,0
BRDA:49,2,1,0
BRDA:62,3,0,0
BRDA:62,3,1,0
BRDA:62,4,0,0
BRDA:62,4,1,0
BRDA:73,5,0,0
BRDA:87,6,0,0
BRDA:89,7,0,0
BRDA:89,8,0,0
BRDA:89,8,1,0
BRDA:89,9,0,0
BRDA:89,9,1,0
BRDA:89,10,0,0
BRDA:89,10,1,0
BRDA:89,11,0,0
BRDA:89,11,1,0
BRDA:89,12,0,0
BRDA:89,12,1,0
BRDA:93,13,0,0
BRDA:93,13,1,0
BRDA:93,13,2,0
BRDA:101,14,0,0
BRDA:101,14,1,0
BRDA:101,15,0,0
BRDA:101,15,1,0
BRDA:101,16,0,0
BRDA:101,16,1,0
BRF:31
BRH:0
end_of_record
TN:
SF:src\services\FilterSortService.ts
FN:16,(anonymous_7)
FN:21,(anonymous_8)
FN:22,(anonymous_9)
FN:29,(anonymous_10)
FN:34,(anonymous_11)
FN:69,(anonymous_12)
FN:110,(anonymous_13)
FN:121,(anonymous_14)
FN:122,(anonymous_15)
FN:128,(anonymous_16)
FN:132,(anonymous_17)
FN:179,(anonymous_18)
FN:183,(anonymous_19)
FN:197,(anonymous_20)
FN:198,(anonymous_21)
FN:203,(anonymous_22)
FN:230,(anonymous_23)
FN:238,(anonymous_25)
FN:254,(anonymous_27)
FN:262,(anonymous_28)
FN:268,(anonymous_29)
FN:280,(anonymous_30)
FN:291,(anonymous_31)
FN:317,(anonymous_32)
FNF:24
FNH:0
FNDA:0,(anonymous_7)
FNDA:0,(anonymous_8)
FNDA:0,(anonymous_9)
FNDA:0,(anonymous_10)
FNDA:0,(anonymous_11)
FNDA:0,(anonymous_12)
FNDA:0,(anonymous_13)
FNDA:0,(anonymous_14)
FNDA:0,(anonymous_15)
FNDA:0,(anonymous_16)
FNDA:0,(anonymous_17)
FNDA:0,(anonymous_18)
FNDA:0,(anonymous_19)
FNDA:0,(anonymous_20)
FNDA:0,(anonymous_21)
FNDA:0,(anonymous_22)
FNDA:0,(anonymous_23)
FNDA:0,(anonymous_25)
FNDA:0,(anonymous_27)
FNDA:0,(anonymous_28)
FNDA:0,(anonymous_29)
FNDA:0,(anonymous_30)
FNDA:0,(anonymous_31)
FNDA:0,(anonymous_32)
DA:3,0
DA:4,0
DA:9,0
DA:17,0
DA:18,0
DA:21,0
DA:22,0
DA:30,0
DA:33,0
DA:34,0
DA:37,0
DA:39,0
DA:41,0
DA:43,0
DA:45,0
DA:47,0
DA:49,0
DA:51,0
DA:53,0
DA:55,0
DA:57,0
DA:59,0
DA:62,0
DA:70,0
DA:72,0
DA:74,0
DA:76,0
DA:78,0
DA:85,0
DA:87,0
DA:89,0
DA:95,0
DA:101,0
DA:111,0
DA:112,0
DA:115,0
DA:122,0
DA:123,0
DA:124,0
DA:127,0
DA:128,0
DA:131,0
DA:132,0
DA:136,0
DA:137,0
DA:138,0
DA:141,0
DA:142,0
DA:143,0
DA:144,0
DA:148,0
DA:149,0
DA:150,0
DA:151,0
DA:155,0
DA:156,0
DA:157,0
DA:158,0
DA:162,0
DA:163,0
DA:164,0
DA:165,0
DA:170,0
DA:180,0
DA:181,0
DA:183,0
DA:184,0
DA:185,0
DA:186,0
DA:188,0
DA:191,0
DA:198,0
DA:199,0
DA:202,0
DA:203,0
DA:207,0
DA:208,0
DA:212,0
DA:213,0
DA:217,0
DA:218,0
DA:221,0
DA:231,0
DA:232,0
DA:239,0
DA:240,0
DA:241,0
DA:242,0
DA:244,0
DA:245,0
DA:255,0
DA:256,0
DA:264,0
DA:267,0
DA:268,0
DA:269,0
DA:275,0
DA:279,0
DA:280,0
DA:281,0
DA:286,0
DA:290,0
DA:291,0
DA:292,0
DA:294,0
DA:295,0
DA:296,0
DA:298,0
DA:299,0
DA:301,0
DA:302,0
DA:303,0
DA:304,0
DA:306,0
DA:307,0
DA:308,0
DA:309,0
DA:310,0
DA:313,0
DA:317,0
DA:318,0
DA:320,0
DA:321,0
DA:324,0
DA:325,0
DA:329,0
DA:330,0
DA:333,0
DA:337,0
LF:129
LH:0
BRDA:17,0,0,0
BRDA:17,1,0,0
BRDA:17,1,1,0
BRDA:33,2,0,0
BRDA:33,2,1,0
BRDA:34,3,0,0
BRDA:34,3,1,0
BRDA:37,4,0,0
BRDA:37,4,1,0
BRDA:37,4,2,0
BRDA:37,4,3,0
BRDA:37,4,4,0
BRDA:37,4,5,0
BRDA:37,4,6,0
BRDA:37,4,7,0
BRDA:37,4,8,0
BRDA:37,4,9,0
BRDA:37,4,10,0
BRDA:37,4,11,0
BRDA:57,5,0,0
BRDA:57,5,1,0
BRDA:59,6,0,0
BRDA:59,6,1,0
BRDA:59,6,2,0
BRDA:59,6,3,0
BRDA:70,7,0,0
BRDA:70,7,1,0
BRDA:70,7,2,0
BRDA:70,7,3,0
BRDA:70,7,4,0
BRDA:70,7,5,0
BRDA:70,7,6,0
BRDA:70,7,7,0
BRDA:70,7,8,0
BRDA:111,8,0,0
BRDA:111,9,0,0
BRDA:111,9,1,0
BRDA:127,10,0,0
BRDA:127,10,1,0
BRDA:128,11,0,0
BRDA:128,11,1,0
BRDA:131,12,0,0
BRDA:131,12,1,0
BRDA:132,13,0,0
BRDA:132,13,1,0
BRDA:136,14,0,0
BRDA:136,15,0,0
BRDA:136,15,1,0
BRDA:137,16,0,0
BRDA:137,17,0,0
BRDA:137,17,1,0
BRDA:138,18,0,0
BRDA:138,19,0,0
BRDA:138,19,1,0
BRDA:141,20,0,0
BRDA:141,20,1,0
BRDA:141,21,0,0
BRDA:141,21,1,0
BRDA:143,22,0,0
BRDA:144,23,0,0
BRDA:144,23,1,0
BRDA:148,24,0,0
BRDA:148,24,1,0
BRDA:148,25,0,0
BRDA:148,25,1,0
BRDA:150,26,0,0
BRDA:151,27,0,0
BRDA:151,27,1,0
BRDA:155,28,0,0
BRDA:155,28,1,0
BRDA:155,29,0,0
BRDA:155,29,1,0
BRDA:157,30,0,0
BRDA:158,31,0,0
BRDA:158,31,1,0
BRDA:162,32,0,0
BRDA:162,33,0,0
BRDA:162,33,1,0
BRDA:163,34,0,0
BRDA:163,34,1,0
BRDA:163,35,0,0
BRDA:163,35,1,0
BRDA:164,36,0,0
BRDA:165,37,0,0
BRDA:165,37,1,0
BRDA:185,38,0,0
BRDA:202,39,0,0
BRDA:202,39,1,0
BRDA:203,40,0,0
BRDA:203,40,1,0
BRDA:207,41,0,0
BRDA:207,42,0,0
BRDA:207,42,1,0
BRDA:212,43,0,0
BRDA:217,44,0,0
BRDA:242,45,0,0
BRDA:242,45,1,0
BRDA:267,46,0,0
BRDA:267,47,0,0
BRDA:267,47,1,0
BRDA:275,48,0,0
BRDA:275,48,1,0
BRDA:279,49,0,0
BRDA:279,50,0,0
BRDA:279,50,1,0
BRDA:286,51,0,0
BRDA:286,51,1,0
BRDA:290,52,0,0
BRDA:290,53,0,0
BRDA:290,53,1,0
BRDA:292,54,0,0
BRDA:306,55,0,0
BRDA:307,56,0,0
BRDA:308,57,0,0
BRDA:309,58,0,0
BRDA:309,59,0,0
BRDA:309,59,1,0
BRDA:310,60,0,0
BRDA:310,61,0,0
BRDA:310,61,1,0
BRDA:324,62,0,0
BRDA:324,63,0,0
BRDA:324,63,1,0
BRDA:329,64,0,0
BRDA:330,65,0,0
BRF:125
BRH:0
end_of_record
TN:
SF:src\services\ServiceContainer.ts
FN:11,(anonymous_0)
FN:19,(anonymous_1)
FN:29,(anonymous_2)
FN:39,(anonymous_3)
FN:46,(anonymous_4)
FN:53,(anonymous_5)
FN:54,(anonymous_6)
FN:60,(anonymous_7)
FN:82,(anonymous_8)
FNF:9
FNH:0
FNDA:0,(anonymous_0)
FNDA:0,(anonymous_1)
FNDA:0,(anonymous_2)
FNDA:0,(anonymous_3)
FNDA:0,(anonymous_4)
FNDA:0,(anonymous_5)
FNDA:0,(anonymous_6)
FNDA:0,(anonymous_7)
FNDA:0,(anonymous_8)
DA:11,0
DA:13,0
DA:14,0
DA:20,0
DA:21,0
DA:23,0
DA:30,0
DA:31,0
DA:32,0
DA:40,0
DA:47,0
DA:54,0
DA:62,0
DA:63,0
DA:67,0
DA:68,0
DA:69,0
DA:70,0
DA:71,0
DA:72,0
DA:76,0
DA:83,0
DA:88,0
DA:91,0
LF:24
LH:0
BRDA:20,0,0,0
BRDA:30,1,0,0
BRDA:53,2,0,0
BRDA:62,3,0,0
BRDA:67,4,0,0
BRDA:69,5,0,0
BRDA:83,6,0,0
BRDA:83,6,1,0
BRF:8
BRH:0
end_of_record
TN:
SF:src\services\ServiceRegistry.ts
FN:22,(anonymous_0)
FN:24,(anonymous_1)
FN:38,(anonymous_2)
FN:49,(anonymous_3)
FN:61,(anonymous_4)
FN:72,(anonymous_5)
FN:86,(anonymous_6)
FN:93,(anonymous_7)
FN:100,(anonymous_8)
FN:107,(anonymous_9)
FN:114,(anonymous_10)
FNF:11
FNH:0
FNDA:0,(anonymous_0)
FNDA:0,(anonymous_1)
FNDA:0,(anonymous_2)
FNDA:0,(anonymous_3)
FNDA:0,(anonymous_4)
FNDA:0,(anonymous_5)
FNDA:0,(anonymous_6)
FNDA:0,(anonymous_7)
FNDA:0,(anonymous_8)
FNDA:0,(anonymous_9)
FNDA:0,(anonymous_10)
DA:1,0
DA:2,0
DA:3,0
DA:4,0
DA:8,0
DA:9,0
DA:18,0
DA:24,0
DA:25,0
DA:29,0
DA:30,0
DA:31,0
DA:32,0
DA:40,0
DA:51,0
DA:52,0
DA:63,0
DA:74,0
DA:77,0
DA:87,0
DA:94,0
DA:101,0
DA:108,0
DA:115,0
DA:120,0
LF:25
LH:0
BRF:0
BRH:0
end_of_record
TN:
SF:src\services\SyncManager.ts
FN:25,(anonymous_7)
FN:176,(anonymous_8)
FN:176,(anonymous_9)
FN:185,(anonymous_10)
FN:33,(anonymous_11)
FN:43,(anonymous_12)
FN:53,(anonymous_13)
FN:66,(anonymous_14)
FN:71,(anonymous_15)
FN:74,(anonymous_16)
FN:86,(anonymous_17)
FN:97,(anonymous_18)
FN:97,(anonymous_19)
FN:134,(anonymous_20)
FN:134,(anonymous_21)
FN:146,(anonymous_22)
FN:157,(anonymous_23)
FN:202,(anonymous_24)
FN:203,(anonymous_26)
FN:203,(anonymous_27)
FN:216,(anonymous_28)
FN:217,(anonymous_29)
FNF:22
FNH:0
FNDA:0,(anonymous_7)
FNDA:0,(anonymous_8)
FNDA:0,(anonymous_9)
FNDA:0,(anonymous_10)
FNDA:0,(anonymous_11)
FNDA:0,(anonymous_12)
FNDA:0,(anonymous_13)
FNDA:0,(anonymous_14)
FNDA:0,(anonymous_15)
FNDA:0,(anonymous_16)
FNDA:0,(anonymous_17)
FNDA:0,(anonymous_18)
FNDA:0,(anonymous_19)
FNDA:0,(anonymous_20)
FNDA:0,(anonymous_21)
FNDA:0,(anonymous_22)
FNDA:0,(anonymous_23)
FNDA:0,(anonymous_24)
FNDA:0,(anonymous_26)
FNDA:0,(anonymous_27)
FNDA:0,(anonymous_28)
FNDA:0,(anonymous_29)
DA:2,0
DA:3,0
DA:14,0
DA:16,0
DA:17,0
DA:18,0
DA:19,0
DA:20,0
DA:27,0
DA:34,0
DA:35,0
DA:37,0
DA:44,0
DA:45,0
DA:46,0
DA:54,0
DA:56,0
DA:57,0
DA:59,0
DA:67,0
DA:68,0
DA:71,0
DA:72,0
DA:73,0
DA:75,0
DA:80,0
DA:87,0
DA:88,0
DA:89,0
DA:90,0
DA:97,0
DA:98,0
DA:99,0
DA:100,0
DA:103,0
DA:104,0
DA:113,0
DA:114,0
DA:117,0
DA:120,0
DA:122,0
DA:124,0
DA:126,0
DA:127,0
DA:128,0
DA:131,0
DA:134,0
DA:135,0
DA:136,0
DA:137,0
DA:139,0
DA:143,0
DA:146,0
DA:148,0
DA:149,0
DA:152,0
DA:153,0
DA:157,0
DA:162,0
DA:163,0
DA:166,0
DA:169,0
DA:176,0
DA:177,0
DA:178,0
DA:180,0
DA:181,0
DA:183,0
DA:184,0
DA:185,0
DA:186,0
DA:189,0
DA:192,0
DA:195,0
DA:203,0
DA:204,0
DA:205,0
DA:206,0
DA:208,0
DA:209,0
DA:213,0
DA:215,0
DA:216,0
DA:217,0
DA:222,0
LF:85
LH:0
BRDA:177,0,0,0
BRDA:177,0,1,0
BRDA:183,1,0,0
BRDA:183,1,1,0
BRDA:34,2,0,0
BRDA:44,3,0,0
BRDA:56,4,0,0
BRDA:56,4,1,0
BRDA:66,5,0,0
BRDA:67,6,0,0
BRDA:72,7,0,0
BRDA:72,8,0,0
BRDA:72,8,1,0
BRDA:87,9,0,0
BRDA:97,10,0,0
BRDA:98,11,0,0
BRDA:103,12,0,0
BRDA:113,13,0,0
BRDA:126,14,0,0
BRDA:148,15,0,0
BRDA:148,15,1,0
BRDA:152,16,0,0
BRF:22
BRH:0
end_of_record
TN:
SF:src\services\networkStatusService.ts
FN:13,(anonymous_7)
FN:107,(anonymous_8)
FN:119,(anonymous_9)
FN:27,(anonymous_10)
FN:38,(anonymous_11)
FN:45,(anonymous_12)
FN:54,(anonymous_13)
FN:66,(anonymous_14)
FN:68,(anonymous_15)
FN:75,(anonymous_16)
FN:131,(anonymous_18)
FN:132,(anonymous_19)
FN:142,(anonymous_20)
FN:146,(anonymous_21)
FN:152,(anonymous_22)
FNF:15
FNH:0
FNDA:0,(anonymous_7)
FNDA:0,(anonymous_8)
FNDA:0,(anonymous_9)
FNDA:0,(anonymous_10)
FNDA:0,(anonymous_11)
FNDA:0,(anonymous_12)
FNDA:0,(anonymous_13)
FNDA:0,(anonymous_14)
FNDA:0,(anonymous_15)
FNDA:0,(anonymous_16)
FNDA:0,(anonymous_18)
FNDA:0,(anonymous_19)
FNDA:0,(anonymous_20)
FNDA:0,(anonymous_21)
FNDA:0,(anonymous_22)
DA:1,0
DA:8,0
DA:10,0
DA:11,0
DA:15,0
DA:18,0
DA:19,0
DA:20,0
DA:28,0
DA:29,0
DA:30,0
DA:32,0
DA:39,0
DA:46,0
DA:48,0
DA:55,0
DA:56,0
DA:57,0
DA:67,0
DA:68,0
DA:76,0
DA:78,0
DA:85,0
DA:88,0
DA:89,0
DA:90,0
DA:93,0
DA:96,0
DA:97,0
DA:98,0
DA:100,0
DA:107,0
DA:108,0
DA:109,0
DA:110,0
DA:111,0
DA:112,0
DA:119,0
DA:120,0
DA:121,0
DA:122,0
DA:123,0
DA:124,0
DA:132,0
DA:133,0
DA:134,0
DA:136,0
DA:143,0
DA:149,0
DA:153,0
DA:158,0
LF:51
LH:0
BRDA:108,0,0,0
BRDA:120,1,0,0
BRDA:15,2,0,0
BRDA:15,2,1,0
BRDA:18,3,0,0
BRDA:28,4,0,0
BRDA:56,5,0,0
BRDA:85,6,0,0
BRDA:85,6,1,0
BRDA:88,7,0,0
BRDA:96,8,0,0
BRF:11
BRH:0
end_of_record
TN:
SF:src\services\taskService.ts
FN:18,(anonymous_7)
FN:26,(anonymous_8)
FN:49,(anonymous_10)
FN:67,(anonymous_12)
FN:104,(anonymous_14)
FN:127,(anonymous_16)
FN:152,(anonymous_18)
FN:165,(anonymous_20)
FN:178,(anonymous_22)
FN:191,(anonymous_24)
FN:204,(anonymous_26)
FN:233,(anonymous_28)
FN:253,(anonymous_30)
FN:270,(anonymous_32)
FNF:14
FNH:0
FNDA:0,(anonymous_7)
FNDA:0,(anonymous_8)
FNDA:0,(anonymous_10)
FNDA:0,(anonymous_12)
FNDA:0,(anonymous_14)
FNDA:0,(anonymous_16)
FNDA:0,(anonymous_18)
FNDA:0,(anonymous_20)
FNDA:0,(anonymous_22)
FNDA:0,(anonymous_24)
FNDA:0,(anonymous_26)
FNDA:0,(anonymous_28)
FNDA:0,(anonymous_30)
FNDA:0,(anonymous_32)
DA:2,0
DA:4,0
DA:5,0
DA:14,0
DA:15,0
DA:16,0
DA:19,0
DA:20,0
DA:27,0
DA:28,0
DA:30,0
DA:31,0
DA:34,0
DA:35,0
DA:37,0
DA:38,0
DA:40,0
DA:41,0
DA:42,0
DA:50,0
DA:51,0
DA:52,0
DA:55,0
DA:56,0
DA:58,0
DA:59,0
DA:60,0
DA:68,0
DA:69,0
DA:70,0
DA:74,0
DA:75,0
DA:77,0
DA:78,0
DA:82,0
DA:87,0
DA:90,0
DA:91,0
DA:93,0
DA:95,0
DA:96,0
DA:97,0
DA:105,0
DA:106,0
DA:107,0
DA:110,0
DA:113,0
DA:114,0
DA:116,0
DA:118,0
DA:119,0
DA:120,0
DA:128,0
DA:129,0
DA:130,0
DA:133,0
DA:135,0
DA:137,0
DA:138,0
DA:141,0
DA:143,0
DA:144,0
DA:145,0
DA:153,0
DA:154,0
DA:156,0
DA:157,0
DA:158,0
DA:166,0
DA:167,0
DA:169,0
DA:170,0
DA:171,0
DA:179,0
DA:180,0
DA:182,0
DA:183,0
DA:184,0
DA:192,0
DA:193,0
DA:195,0
DA:196,0
DA:197,0
DA:205,0
DA:206,0
DA:207,0
DA:210,0
DA:211,0
DA:213,0
DA:214,0
DA:217,0
DA:219,0
DA:220,0
DA:222,0
DA:223,0
DA:224,0
DA:226,0
DA:234,0
DA:235,0
DA:236,0
DA:239,0
DA:242,0
DA:243,0
DA:245,0
DA:246,0
DA:254,0
DA:255,0
DA:256,0
DA:259,0
DA:261,0
DA:262,0
DA:263,0
DA:271,0
DA:272,0
DA:273,0
DA:276,0
DA:277,0
DA:279,0
DA:280,0
DA:284,0
DA:287,0
DA:288,0
DA:290,0
DA:291,0
DA:293,0
DA:299,0
LF:126
LH:0
BRDA:30,0,0,0
BRDA:51,1,0,0
BRDA:69,2,0,0
BRDA:75,3,0,0
BRDA:75,3,1,0
BRDA:75,4,0,0
BRDA:75,4,1,0
BRDA:75,5,0,0
BRDA:75,5,1,0
BRDA:75,6,0,0
BRDA:75,6,1,0
BRDA:77,7,0,0
BRDA:106,8,0,0
BRDA:129,9,0,0
BRDA:135,10,0,0
BRDA:205,11,0,0
BRDA:213,12,0,0
BRDA:235,13,0,0
BRDA:255,14,0,0
BRDA:271,15,0,0
BRDA:279,16,0,0
BRF:21
BRH:0
end_of_record
TN:
SF:src\services\userPreferencesService.ts
FN:20,(anonymous_7)
FN:26,(anonymous_8)
FN:40,(anonymous_9)
FN:95,(anonymous_11)
FN:119,(anonymous_13)
FN:131,(anonymous_15)
FN:144,(anonymous_17)
FN:232,(anonymous_19)
FN:319,(anonymous_21)
FN:353,(anonymous_23)
FNF:10
FNH:0
FNDA:0,(anonymous_7)
FNDA:0,(anonymous_8)
FNDA:0,(anonymous_9)
FNDA:0,(anonymous_11)
FNDA:0,(anonymous_13)
FNDA:0,(anonymous_15)
FNDA:0,(anonymous_17)
FNDA:0,(anonymous_19)
FNDA:0,(anonymous_21)
FNDA:0,(anonymous_23)
DA:1,0
DA:2,0
DA:8,0
DA:15,0
DA:16,0
DA:17,0
DA:18,0
DA:21,0
DA:23,0
DA:26,0
DA:27,0
DA:28,0
DA:29,0
DA:30,0
DA:31,0
DA:32,0
DA:41,0
DA:43,0
DA:45,0
DA:46,0
DA:49,0
DA:52,0
DA:58,0
DA:60,0
DA:62,0
DA:65,0
DA:72,0
DA:73,0
DA:76,0
DA:77,0
DA:80,0
DA:81,0
DA:83,0
DA:84,0
DA:87,0
DA:88,0
DA:96,0
DA:97,0
DA:100,0
DA:109,0
DA:110,0
DA:113,0
DA:121,0
DA:122,0
DA:125,0
DA:132,0
DA:134,0
DA:135,0
DA:138,0
DA:145,0
DA:146,0
DA:147,0
DA:151,0
DA:154,0
DA:155,0
DA:165,0
DA:167,0
DA:168,0
DA:171,0
DA:172,0
DA:173,0
DA:176,0
DA:182,0
DA:185,0
DA:190,0
DA:193,0
DA:199,0
DA:202,0
DA:210,0
DA:215,0
DA:218,0
DA:219,0
DA:220,0
DA:223,0
DA:224,0
DA:225,0
DA:233,0
DA:234,0
DA:235,0
DA:239,0
DA:242,0
DA:243,0
DA:250,0
DA:251,0
DA:253,0
DA:254,0
DA:256,0
DA:257,0
DA:259,0
DA:260,0
DA:262,0
DA:267,0
DA:273,0
DA:276,0
DA:278,0
DA:279,0
DA:282,0
DA:283,0
DA:289,0
DA:290,0
DA:297,0
DA:302,0
DA:305,0
DA:306,0
DA:307,0
DA:310,0
DA:311,0
DA:312,0
DA:320,0
DA:321,0
DA:322,0
DA:326,0
DA:329,0
DA:338,0
DA:341,0
DA:342,0
DA:344,0
DA:345,0
DA:346,0
DA:354,0
DA:356,0
DA:357,0
DA:358,0
DA:359,0
DA:362,0
DA:368,0
LF:126
LH:0
BRDA:27,0,0,0
BRDA:27,0,1,0
BRDA:27,1,0,0
BRDA:27,1,1,0
BRDA:29,2,0,0
BRDA:45,3,0,0
BRDA:58,4,0,0
BRDA:60,5,0,0
BRDA:60,5,1,0
BRDA:67,6,0,0
BRDA:67,6,1,0
BRDA:68,7,0,0
BRDA:68,7,1,0
BRDA:72,8,0,0
BRDA:77,9,0,0
BRDA:77,9,1,0
BRDA:96,10,0,0
BRDA:109,11,0,0
BRDA:121,12,0,0
BRDA:125,13,0,0
BRDA:125,13,1,0
BRDA:134,14,0,0
BRDA:146,15,0,0
BRDA:154,16,0,0
BRDA:165,17,0,0
BRDA:165,17,1,0
BRDA:172,18,0,0
BRDA:172,18,1,0
BRDA:182,19,0,0
BRDA:186,20,0,0
BRDA:186,20,1,0
BRDA:186,21,0,0
BRDA:186,21,1,0
BRDA:186,22,0,0
BRDA:186,22,1,0
BRDA:199,23,0,0
BRDA:203,24,0,0
BRDA:203,24,1,0
BRDA:203,25,0,0
BRDA:203,25,1,0
BRDA:203,26,0,0
BRDA:203,26,1,0
BRDA:215,27,0,0
BRDA:218,28,0,0
BRDA:218,28,1,0
BRDA:219,29,0,0
BRDA:234,30,0,0
BRDA:242,31,0,0
BRDA:257,32,0,0
BRDA:259,33,0,0
BRDA:259,33,1,0
BRDA:273,34,0,0
BRDA:278,35,0,0
BRDA:282,36,0,0
BRDA:284,37,0,0
BRDA:284,37,1,0
BRDA:284,38,0,0
BRDA:284,38,1,0
BRDA:284,39,0,0
BRDA:284,39,1,0
BRDA:289,40,0,0
BRDA:291,41,0,0
BRDA:291,41,1,0
BRDA:291,42,0,0
BRDA:291,42,1,0
BRDA:291,43,0,0
BRDA:291,43,1,0
BRDA:302,44,0,0
BRDA:305,45,0,0
BRDA:305,45,1,0
BRDA:306,46,0,0
BRDA:321,47,0,0
BRDA:338,48,0,0
BRDA:356,49,0,0
BRDA:356,49,1,0
BRDA:358,50,0,0
BRDA:358,50,1,0
BRDA:362,51,0,0
BRDA:362,51,1,0
BRF:79
BRH:0
end_of_record
TN:
SF:src\services\api\authService.ts
FN:11,(anonymous_7)
FN:21,(anonymous_8)
FN:23,(anonymous_10)
FN:39,(anonymous_11)
FN:47,(anonymous_12)
FN:64,(anonymous_14)
FN:81,(anonymous_16)
FN:102,(anonymous_18)
FN:122,(anonymous_20)
FN:140,(anonymous_22)
FN:158,(anonymous_24)
FN:177,(anonymous_26)
FN:185,(anonymous_28)
FNF:13
FNH:0
FNDA:0,(anonymous_7)
FNDA:0,(anonymous_8)
FNDA:0,(anonymous_10)
FNDA:0,(anonymous_11)
FNDA:0,(anonymous_12)
FNDA:0,(anonymous_14)
FNDA:0,(anonymous_16)
FNDA:0,(anonymous_18)
FNDA:0,(anonymous_20)
FNDA:0,(anonymous_22)
FNDA:0,(anonymous_24)
FNDA:0,(anonymous_26)
FNDA:0,(anonymous_28)
DA:1,0
DA:3,0
DA:10,0
DA:12,0
DA:14,0
DA:15,0
DA:23,0
DA:24,0
DA:25,0
DA:26,0
DA:27,0
DA:28,0
DA:29,0
DA:30,0
DA:31,0
DA:40,0
DA:41,0
DA:48,0
DA:49,0
DA:51,0
DA:53,0
DA:55,0
DA:56,0
DA:57,0
DA:65,0
DA:66,0
DA:68,0
DA:70,0
DA:72,0
DA:73,0
DA:74,0
DA:82,0
DA:83,0
DA:88,0
DA:91,0
DA:93,0
DA:94,0
DA:95,0
DA:103,0
DA:104,0
DA:109,0
DA:111,0
DA:113,0
DA:114,0
DA:115,0
DA:123,0
DA:124,0
DA:126,0
DA:129,0
DA:131,0
DA:132,0
DA:133,0
DA:141,0
DA:142,0
DA:144,0
DA:146,0
DA:147,0
DA:149,0
DA:150,0
DA:151,0
DA:159,0
DA:160,0
DA:164,0
DA:166,0
DA:168,0
DA:169,0
DA:170,0
DA:178,0
DA:179,0
DA:186,0
DA:187,0
DA:192,0
LF:72
LH:0
BRDA:24,0,0,0
BRDA:24,0,1,0
BRDA:24,1,0,0
BRDA:24,1,1,0
BRDA:26,2,0,0
BRDA:26,2,1,0
BRDA:28,3,0,0
BRDA:28,3,1,0
BRDA:28,4,0,0
BRDA:28,4,1,0
BRDA:28,5,0,0
BRDA:28,5,1,0
BRDA:28,6,0,0
BRDA:28,6,1,0
BRDA:30,7,0,0
BRDA:30,8,0,0
BRDA:30,8,1,0
BRDA:51,9,0,0
BRDA:68,10,0,0
BRDA:88,11,0,0
BRDA:109,12,0,0
BRDA:126,13,0,0
BRDA:144,14,0,0
BRDA:164,15,0,0
BRDA:187,16,0,0
BRDA:187,16,1,0
BRDA:187,17,0,0
BRDA:187,17,1,0
BRDA:187,18,0,0
BRDA:187,18,1,0
BRF:30
BRH:0
end_of_record
TN:
SF:src\services\api\categoryService.ts
FN:7,(anonymous_7)
FN:15,(anonymous_8)
FN:21,(anonymous_9)
FN:32,(anonymous_11)
FN:58,(anonymous_13)
FN:81,(anonymous_15)
FN:115,(anonymous_17)
FN:149,(anonymous_19)
FN:175,(anonymous_21)
FN:199,(anonymous_23)
FNF:10
FNH:0
FNDA:0,(anonymous_7)
FNDA:0,(anonymous_8)
FNDA:0,(anonymous_9)
FNDA:0,(anonymous_11)
FNDA:0,(anonymous_13)
FNDA:0,(anonymous_15)
FNDA:0,(anonymous_17)
FNDA:0,(anonymous_19)
FNDA:0,(anonymous_21)
FNDA:0,(anonymous_23)
DA:1,0
DA:2,0
DA:6,0
DA:8,0
DA:9,0
DA:16,0
DA:17,0
DA:22,0
DA:23,0
DA:24,0
DA:26,0
DA:33,0
DA:34,0
DA:36,0
DA:42,0
DA:45,0
DA:47,0
DA:49,0
DA:50,0
DA:51,0
DA:59,0
DA:60,0
DA:62,0
DA:68,0
DA:70,0
DA:72,0
DA:73,0
DA:74,0
DA:82,0
DA:83,0
DA:86,0
DA:92,0
DA:98,0
DA:101,0
DA:102,0
DA:104,0
DA:106,0
DA:107,0
DA:108,0
DA:116,0
DA:117,0
DA:120,0
DA:125,0
DA:132,0
DA:135,0
DA:136,0
DA:138,0
DA:140,0
DA:141,0
DA:142,0
DA:150,0
DA:151,0
DA:153,0
DA:158,0
DA:161,0
DA:162,0
DA:164,0
DA:166,0
DA:167,0
DA:168,0
DA:176,0
DA:177,0
DA:179,0
DA:186,0
DA:188,0
DA:190,0
DA:191,0
DA:192,0
DA:200,0
DA:201,0
DA:204,0
DA:211,0
DA:214,0
DA:215,0
DA:217,0
DA:219,0
DA:220,0
DA:221,0
DA:227,0
LF:79
LH:0
BRDA:23,0,0,0
BRDA:42,1,0,0
BRDA:68,2,0,0
BRDA:98,3,0,0
BRDA:132,4,0,0
BRDA:158,5,0,0
BRDA:186,6,0,0
BRDA:211,7,0,0
BRF:8
BRH:0
end_of_record
TN:
SF:src\services\api\reportsService.ts
FN:22,(anonymous_7)
FN:63,(anonymous_9)
FN:90,(anonymous_10)
FN:145,(anonymous_11)
FN:199,(anonymous_12)
FN:255,(anonymous_13)
FN:322,(anonymous_14)
FN:325,(anonymous_15)
FN:359,(anonymous_17)
FN:378,(anonymous_18)
FN:383,(anonymous_19)
FN:421,(anonymous_21)
FN:443,(anonymous_22)
FN:451,(anonymous_23)
FNF:14
FNH:0
FNDA:0,(anonymous_7)
FNDA:0,(anonymous_9)
FNDA:0,(anonymous_10)
FNDA:0,(anonymous_11)
FNDA:0,(anonymous_12)
FNDA:0,(anonymous_13)
FNDA:0,(anonymous_14)
FNDA:0,(anonymous_15)
FNDA:0,(anonymous_17)
FNDA:0,(anonymous_18)
FNDA:0,(anonymous_19)
FNDA:0,(anonymous_21)
FNDA:0,(anonymous_22)
FNDA:0,(anonymous_23)
DA:1,0
DA:2,0
DA:23,0
DA:26,0
DA:28,0
DA:29,0
DA:30,0
DA:34,0
DA:35,0
DA:51,0
DA:52,0
DA:53,0
DA:56,0
DA:57,0
DA:60,0
DA:63,0
DA:64,0
DA:65,0
DA:68,0
DA:69,0
DA:72,0
DA:73,0
DA:76,0
DA:79,0
DA:82,0
DA:85,0
DA:87,0
DA:90,0
DA:91,0
DA:92,0
DA:94,0
DA:95,0
DA:105,0
DA:107,0
DA:110,0
DA:111,0
DA:112,0
DA:113,0
DA:116,0
DA:117,0
DA:118,0
DA:119,0
DA:120,0
DA:121,0
DA:122,0
DA:124,0
DA:127,0
DA:131,0
DA:132,0
DA:133,0
DA:134,0
DA:135,0
DA:136,0
DA:138,0
DA:141,0
DA:145,0
DA:146,0
DA:148,0
DA:149,0
DA:159,0
DA:161,0
DA:164,0
DA:165,0
DA:166,0
DA:167,0
DA:170,0
DA:171,0
DA:172,0
DA:173,0
DA:174,0
DA:175,0
DA:176,0
DA:178,0
DA:181,0
DA:185,0
DA:186,0
DA:187,0
DA:188,0
DA:189,0
DA:190,0
DA:192,0
DA:195,0
DA:199,0
DA:200,0
DA:201,0
DA:202,0
DA:204,0
DA:205,0
DA:215,0
DA:217,0
DA:220,0
DA:221,0
DA:222,0
DA:223,0
DA:226,0
DA:227,0
DA:228,0
DA:229,0
DA:230,0
DA:231,0
DA:232,0
DA:234,0
DA:237,0
DA:241,0
DA:242,0
DA:243,0
DA:244,0
DA:245,0
DA:246,0
DA:248,0
DA:251,0
DA:255,0
DA:256,0
DA:257,0
DA:258,0
DA:259,0
DA:260,0
DA:262,0
DA:263,0
DA:265,0
DA:266,0
DA:276,0
DA:278,0
DA:281,0
DA:282,0
DA:283,0
DA:284,0
DA:287,0
DA:288,0
DA:289,0
DA:290,0
DA:291,0
DA:292,0
DA:293,0
DA:295,0
DA:298,0
DA:302,0
DA:303,0
DA:304,0
DA:305,0
DA:306,0
DA:307,0
DA:309,0
DA:312,0
DA:316,0
DA:319,0
DA:322,0
DA:328,0
DA:331,0
DA:333,0
DA:334,0
DA:335,0
DA:339,0
DA:348,0
DA:349,0
DA:350,0
DA:353,0
DA:354,0
DA:358,0
DA:359,0
DA:360,0
DA:361,0
DA:362,0
DA:364,0
DA:365,0
DA:373,0
DA:374,0
DA:378,0
DA:379,0
DA:385,0
DA:388,0
DA:390,0
DA:391,0
DA:392,0
DA:396,0
DA:404,0
DA:405,0
DA:408,0
DA:410,0
DA:411,0
DA:412,0
DA:415,0
DA:416,0
DA:420,0
DA:421,0
DA:422,0
DA:424,0
DA:425,0
DA:435,0
DA:437,0
DA:438,0
DA:443,0
DA:444,0
DA:445,0
DA:446,0
DA:451,0
DA:455,0
LF:197
LH:0
BRDA:23,0,0,0
BRDA:28,1,0,0
BRDA:28,2,0,0
BRDA:28,2,1,0
BRDA:30,3,0,0
BRDA:30,3,1,0
BRDA:51,4,0,0
BRDA:56,5,0,0
BRDA:64,6,0,0
BRDA:64,7,0,0
BRDA:64,7,1,0
BRDA:68,8,0,0
BRDA:68,9,0,0
BRDA:68,9,1,0
BRDA:68,10,0,0
BRDA:68,10,1,0
BRDA:68,11,0,0
BRDA:68,11,1,0
BRDA:72,12,0,0
BRDA:72,13,0,0
BRDA:72,13,1,0
BRDA:72,14,0,0
BRDA:72,14,1,0
BRDA:72,15,0,0
BRDA:72,15,1,0
BRDA:82,16,0,0
BRDA:82,16,1,0
BRDA:87,17,0,0
BRDA:87,17,1,0
BRDA:87,17,2,0
BRDA:87,17,3,0
BRDA:92,18,0,0
BRDA:92,18,1,0
BRDA:92,19,0,0
BRDA:92,19,1,0
BRDA:92,20,0,0
BRDA:92,20,1,0
BRDA:94,21,0,0
BRDA:110,22,0,0
BRDA:110,22,1,0
BRDA:116,23,0,0
BRDA:116,23,1,0
BRDA:116,24,0,0
BRDA:116,24,1,0
BRDA:131,25,0,0
BRDA:131,25,1,0
BRDA:135,26,0,0
BRDA:135,26,1,0
BRDA:146,27,0,0
BRDA:146,27,1,0
BRDA:146,28,0,0
BRDA:146,28,1,0
BRDA:146,29,0,0
BRDA:146,29,1,0
BRDA:148,30,0,0
BRDA:164,31,0,0
BRDA:164,31,1,0
BRDA:170,32,0,0
BRDA:170,32,1,0
BRDA:170,33,0,0
BRDA:170,33,1,0
BRDA:185,34,0,0
BRDA:185,34,1,0
BRDA:189,35,0,0
BRDA:189,35,1,0
BRDA:204,36,0,0
BRDA:220,37,0,0
BRDA:220,37,1,0
BRDA:226,38,0,0
BRDA:226,38,1,0
BRDA:226,39,0,0
BRDA:226,39,1,0
BRDA:241,40,0,0
BRDA:241,40,1,0
BRDA:245,41,0,0
BRDA:245,41,1,0
BRDA:265,42,0,0
BRDA:281,43,0,0
BRDA:281,43,1,0
BRDA:287,44,0,0
BRDA:287,44,1,0
BRDA:287,45,0,0
BRDA:287,45,1,0
BRDA:302,46,0,0
BRDA:302,46,1,0
BRDA:306,47,0,0
BRDA:306,47,1,0
BRDA:333,48,0,0
BRDA:333,49,0,0
BRDA:333,49,1,0
BRDA:335,50,0,0
BRDA:335,50,1,0
BRDA:348,51,0,0
BRDA:353,52,0,0
BRDA:353,53,0,0
BRDA:353,53,1,0
BRDA:364,54,0,0
BRDA:390,55,0,0
BRDA:390,56,0,0
BRDA:390,56,1,0
BRDA:392,57,0,0
BRDA:392,57,1,0
BRDA:404,58,0,0
BRDA:404,59,0,0
BRDA:404,59,1,0
BRDA:404,60,0,0
BRDA:404,60,1,0
BRDA:410,61,0,0
BRDA:415,62,0,0
BRDA:415,63,0,0
BRDA:415,63,1,0
BRDA:422,64,0,0
BRDA:422,64,1,0
BRDA:424,65,0,0
BRDA:437,66,0,0
BRDA:444,67,0,0
BRF:116
BRH:0
end_of_record
TN:
SF:src\services\api\taskService.ts
FN:28,(anonymous_7)
FN:40,(anonymous_9)
FN:102,(anonymous_10)
FN:125,(anonymous_11)
FN:137,(anonymous_12)
FN:149,(anonymous_13)
FN:163,(anonymous_15)
FN:175,(anonymous_16)
FN:200,(anonymous_18)
FN:246,(anonymous_20)
FN:274,(anonymous_22)
FN:295,(anonymous_24)
FN:319,(anonymous_26)
FNF:13
FNH:0
FNDA:0,(anonymous_7)
FNDA:0,(anonymous_9)
FNDA:0,(anonymous_10)
FNDA:0,(anonymous_11)
FNDA:0,(anonymous_12)
FNDA:0,(anonymous_13)
FNDA:0,(anonymous_15)
FNDA:0,(anonymous_16)
FNDA:0,(anonymous_18)
FNDA:0,(anonymous_20)
FNDA:0,(anonymous_22)
FNDA:0,(anonymous_24)
FNDA:0,(anonymous_26)
DA:1,0
DA:2,0
DA:6,0
DA:7,0
DA:26,0
DA:29,0
DA:30,0
DA:31,0
DA:33,0
DA:42,0
DA:51,0
DA:52,0
DA:55,0
DA:56,0
DA:59,0
DA:62,0
DA:63,0
DA:67,0
DA:68,0
DA:69,0
DA:70,0
DA:74,0
DA:75,0
DA:76,0
DA:79,0
DA:83,0
DA:87,0
DA:88,0
DA:91,0
DA:92,0
DA:95,0
DA:103,0
DA:127,0
DA:128,0
DA:131,0
DA:139,0
DA:140,0
DA:143,0
DA:150,0
DA:151,0
DA:153,0
DA:160,0
DA:163,0
DA:165,0
DA:167,0
DA:168,0
DA:176,0
DA:177,0
DA:179,0
DA:185,0
DA:188,0
DA:190,0
DA:192,0
DA:193,0
DA:201,0
DA:202,0
DA:205,0
DA:206,0
DA:207,0
DA:210,0
DA:211,0
DA:214,0
DA:215,0
DA:216,0
DA:219,0
DA:225,0
DA:228,0
DA:231,0
DA:232,0
DA:233,0
DA:236,0
DA:238,0
DA:239,0
DA:247,0
DA:248,0
DA:250,0
DA:252,0
DA:259,0
DA:262,0
DA:264,0
DA:266,0
DA:267,0
DA:275,0
DA:276,0
DA:278,0
DA:283,0
DA:285,0
DA:287,0
DA:288,0
DA:296,0
DA:297,0
DA:300,0
DA:302,0
DA:307,0
DA:309,0
DA:311,0
DA:312,0
DA:320,0
DA:321,0
DA:323,0
DA:328,0
DA:330,0
DA:332,0
DA:333,0
DA:339,0
LF:105
LH:0
BRDA:7,0,0,0
BRDA:7,0,1,0
BRDA:30,1,0,0
BRDA:44,2,0,0
BRDA:44,2,1,0
BRDA:45,3,0,0
BRDA:45,3,1,0
BRDA:46,4,0,0
BRDA:46,4,1,0
BRDA:47,5,0,0
BRDA:47,5,1,0
BRDA:51,6,0,0
BRDA:55,7,0,0
BRDA:55,7,1,0
BRDA:62,8,0,0
BRDA:67,9,0,0
BRDA:67,9,1,0
BRDA:67,10,0,0
BRDA:67,10,1,0
BRDA:69,11,0,0
BRDA:74,12,0,0
BRDA:74,12,1,0
BRDA:76,13,0,0
BRDA:87,14,0,0
BRDA:91,15,0,0
BRDA:106,16,0,0
BRDA:106,16,1,0
BRDA:112,17,0,0
BRDA:112,17,1,0
BRDA:116,18,0,0
BRDA:116,18,1,0
BRDA:127,19,0,0
BRDA:139,20,0,0
BRDA:160,21,0,0
BRDA:163,22,0,0
BRDA:163,22,1,0
BRDA:163,23,0,0
BRDA:163,23,1,0
BRDA:163,24,0,0
BRDA:163,24,1,0
BRDA:185,25,0,0
BRDA:188,26,0,0
BRDA:188,26,1,0
BRDA:205,27,0,0
BRDA:214,28,0,0
BRDA:225,29,0,0
BRDA:228,30,0,0
BRDA:228,30,1,0
BRDA:231,31,0,0
BRDA:231,32,0,0
BRDA:231,32,1,0
BRDA:259,33,0,0
BRDA:262,34,0,0
BRDA:262,34,1,0
BRDA:283,35,0,0
BRDA:307,36,0,0
BRDA:328,37,0,0
BRF:57
BRH:0
end_of_record
TN:
SF:src\services\api\timeSessionsService.ts
FN:34,(anonymous_7)
FN:42,(anonymous_8)
FN:65,(anonymous_10)
FN:83,(anonymous_12)
FN:97,(anonymous_13)
FN:117,(anonymous_15)
FN:131,(anonymous_16)
FN:154,(anonymous_18)
FN:182,(anonymous_20)
FN:222,(anonymous_22)
FN:247,(anonymous_24)
FN:269,(anonymous_26)
FN:321,(anonymous_28)
FN:356,(anonymous_30)
FNF:14
FNH:0
FNDA:0,(anonymous_7)
FNDA:0,(anonymous_8)
FNDA:0,(anonymous_10)
FNDA:0,(anonymous_12)
FNDA:0,(anonymous_13)
FNDA:0,(anonymous_15)
FNDA:0,(anonymous_16)
FNDA:0,(anonymous_18)
FNDA:0,(anonymous_20)
FNDA:0,(anonymous_22)
FNDA:0,(anonymous_24)
FNDA:0,(anonymous_26)
FNDA:0,(anonymous_28)
FNDA:0,(anonymous_30)
DA:1,0
DA:2,0
DA:33,0
DA:35,0
DA:36,0
DA:43,0
DA:44,0
DA:51,0
DA:53,0
DA:54,0
DA:56,0
DA:57,0
DA:58,0
DA:66,0
DA:67,0
DA:69,0
DA:70,0
DA:73,0
DA:80,0
DA:83,0
DA:85,0
DA:86,0
DA:88,0
DA:89,0
DA:90,0
DA:98,0
DA:99,0
DA:101,0
DA:102,0
DA:105,0
DA:114,0
DA:117,0
DA:119,0
DA:120,0
DA:122,0
DA:123,0
DA:124,0
DA:132,0
DA:133,0
DA:140,0
DA:142,0
DA:143,0
DA:145,0
DA:146,0
DA:147,0
DA:155,0
DA:156,0
DA:157,0
DA:159,0
DA:168,0
DA:171,0
DA:173,0
DA:174,0
DA:175,0
DA:183,0
DA:184,0
DA:186,0
DA:187,0
DA:190,0
DA:199,0
DA:205,0
DA:207,0
DA:208,0
DA:209,0
DA:211,0
DA:213,0
DA:214,0
DA:215,0
DA:223,0
DA:224,0
DA:231,0
DA:233,0
DA:234,0
DA:236,0
DA:238,0
DA:239,0
DA:240,0
DA:248,0
DA:250,0
DA:255,0
DA:257,0
DA:258,0
DA:260,0
DA:261,0
DA:262,0
DA:270,0
DA:272,0
DA:279,0
DA:281,0
DA:282,0
DA:283,0
DA:286,0
DA:289,0
DA:294,0
DA:301,0
DA:303,0
DA:304,0
DA:306,0
DA:308,0
DA:309,0
DA:310,0
DA:322,0
DA:323,0
DA:325,0
DA:326,0
DA:329,0
DA:337,0
DA:338,0
DA:341,0
DA:342,0
DA:345,0
DA:346,0
DA:349,0
DA:351,0
DA:354,0
DA:356,0
DA:357,0
DA:359,0
DA:360,0
DA:361,0
DA:367,0
DA:369,0
DA:370,0
DA:371,0
DA:377,0
LF:125
LH:0
BRDA:51,0,0,0
BRDA:69,1,0,0
BRDA:80,2,0,0
BRDA:83,3,0,0
BRDA:83,3,1,0
BRDA:83,4,0,0
BRDA:83,4,1,0
BRDA:83,5,0,0
BRDA:83,5,1,0
BRDA:83,6,0,0
BRDA:83,6,1,0
BRDA:101,7,0,0
BRDA:114,8,0,0
BRDA:117,9,0,0
BRDA:117,9,1,0
BRDA:117,10,0,0
BRDA:117,10,1,0
BRDA:117,11,0,0
BRDA:117,11,1,0
BRDA:117,12,0,0
BRDA:117,12,1,0
BRDA:140,13,0,0
BRDA:157,14,0,0
BRDA:168,15,0,0
BRDA:171,16,0,0
BRDA:171,16,1,0
BRDA:171,17,0,0
BRDA:171,17,1,0
BRDA:186,18,0,0
BRDA:205,19,0,0
BRDA:231,20,0,0
BRDA:255,21,0,0
BRDA:279,22,0,0
BRDA:301,23,0,0
BRDA:325,24,0,0
BRDA:337,25,0,0
BRDA:337,26,0,0
BRDA:337,26,1,0
BRDA:341,27,0,0
BRDA:345,28,0,0
BRDA:351,29,0,0
BRDA:357,30,0,0
BRDA:360,31,0,0
BRDA:360,32,0,0
BRDA:360,32,1,0
BRF:45
BRH:0
end_of_record
TN:
SF:src\services\api\userService.ts
FN:13,(anonymous_7)
FN:22,(anonymous_8)
FN:23,(anonymous_9)
FN:28,(anonymous_10)
FN:28,(anonymous_11)
FN:37,(anonymous_12)
FN:46,(anonymous_13)
FN:59,(anonymous_15)
FN:122,(anonymous_17)
FN:159,(anonymous_19)
FN:178,(anonymous_21)
FN:197,(anonymous_23)
FN:236,(anonymous_25)
FN:264,(anonymous_26)
FNF:14
FNH:0
FNDA:0,(anonymous_7)
FNDA:0,(anonymous_8)
FNDA:0,(anonymous_9)
FNDA:0,(anonymous_10)
FNDA:0,(anonymous_11)
FNDA:0,(anonymous_12)
FNDA:0,(anonymous_13)
FNDA:0,(anonymous_15)
FNDA:0,(anonymous_17)
FNDA:0,(anonymous_19)
FNDA:0,(anonymous_21)
FNDA:0,(anonymous_23)
FNDA:0,(anonymous_25)
FNDA:0,(anonymous_26)
DA:1,0
DA:2,0
DA:4,0
DA:10,0
DA:11,0
DA:14,0
DA:15,0
DA:16,0
DA:23,0
DA:25,0
DA:28,0
DA:30,0
DA:38,0
DA:39,0
DA:47,0
DA:49,0
DA:50,0
DA:53,0
DA:60,0
DA:62,0
DA:65,0
DA:66,0
DA:70,0
DA:76,0
DA:79,0
DA:81,0
DA:83,0
DA:86,0
DA:94,0
DA:100,0
DA:103,0
DA:104,0
DA:105,0
DA:109,0
DA:110,0
DA:111,0
DA:113,0
DA:114,0
DA:115,0
DA:123,0
DA:125,0
DA:128,0
DA:129,0
DA:132,0
DA:135,0
DA:142,0
DA:145,0
DA:146,0
DA:148,0
DA:150,0
DA:151,0
DA:152,0
DA:160,0
DA:162,0
DA:164,0
DA:165,0
DA:167,0
DA:169,0
DA:170,0
DA:171,0
DA:179,0
DA:180,0
DA:184,0
DA:186,0
DA:188,0
DA:189,0
DA:190,0
DA:206,0
DA:208,0
DA:211,0
DA:216,0
DA:219,0
DA:225,0
DA:228,0
DA:233,0
DA:236,0
DA:238,0
DA:242,0
DA:243,0
DA:245,0
DA:255,0
DA:256,0
DA:257,0
DA:265,0
DA:267,0
DA:271,0
DA:273,0
DA:275,0
DA:276,0
DA:277,0
DA:283,0
LF:91
LH:0
BRDA:49,0,0,0
BRDA:49,1,0,0
BRDA:49,1,1,0
BRDA:65,2,0,0
BRDA:65,3,0,0
BRDA:65,3,1,0
BRDA:76,4,0,0
BRDA:79,5,0,0
BRDA:83,6,0,0
BRDA:88,7,0,0
BRDA:88,7,1,0
BRDA:100,8,0,0
BRDA:142,9,0,0
BRDA:164,10,0,0
BRDA:165,11,0,0
BRDA:184,12,0,0
BRDA:216,13,0,0
BRDA:225,14,0,0
BRDA:233,15,0,0
BRDA:236,16,0,0
BRDA:236,16,1,0
BRDA:236,17,0,0
BRDA:236,17,1,0
BRDA:236,18,0,0
BRDA:236,18,1,0
BRDA:238,19,0,0
BRDA:238,19,1,0
BRDA:243,20,0,0
BRDA:243,20,1,0
BRDA:243,21,0,0
BRDA:243,21,1,0
BRDA:243,22,0,0
BRDA:243,22,1,0
BRDA:247,23,0,0
BRDA:247,23,1,0
BRDA:248,24,0,0
BRDA:248,24,1,0
BRDA:271,25,0,0
BRF:38
BRH:0
end_of_record
TN:
SF:src\services\interfaces\INotificationService.ts
FN:6,(anonymous_0)
FN:16,(anonymous_1)
FNF:2
FNH:0
FNDA:0,(anonymous_0)
FNDA:0,(anonymous_1)
DA:6,0
DA:7,0
DA:8,0
DA:9,0
DA:10,0
DA:16,0
DA:17,0
DA:18,0
DA:19,0
DA:20,0
DA:21,0
DA:22,0
LF:12
LH:0
BRDA:6,0,0,0
BRDA:6,0,1,0
BRDA:16,1,0,0
BRDA:16,1,1,0
BRF:4
BRH:0
end_of_record
TN:
SF:src\services\interfaces\IPerformanceService.ts
FN:6,(anonymous_0)
FNF:1
FNH:0
FNDA:0,(anonymous_0)
DA:6,0
DA:7,0
DA:8,0
DA:9,0
LF:4
[...]
FN:87,(anonymous_6)
FN:94,(anonymous_7)
FN:101,(anonymous_8)
FN:108,(anonymous_9)
FN:118,(anonymous_10)
FN:152,(anonymous_11)
FN:177,(anonymous_12)
FN:210,(anonymous_13)
FN:217,(anonymous_14)
FN:227,(anonymous_15)
FNF:16
FNH:0
FNDA:0,(anonymous_0)
FNDA:0,(anonymous_1)
FNDA:0,(anonymous_2)
FNDA:0,(anonymous_3)
FNDA:0,(anonymous_4)
FNDA:0,(anonymous_5)
FNDA:0,(anonymous_6)
FNDA:0,(anonymous_7)
FNDA:0,(anonymous_8)
FNDA:0,(anonymous_9)
FNDA:0,(anonymous_10)
FNDA:0,(anonymous_11)
FNDA:0,(anonymous_12)
FNDA:0,(anonymous_13)
FNDA:0,(anonymous_14)
FNDA:0,(anonymous_15)
DA:6,0
DA:7,0
DA:8,0
DA:9,0
DA:10,0
DA:11,0
DA:12,0
DA:13,0
DA:14,0
DA:29,0
DA:41,0
DA:42,0
DA:43,0
DA:44,0
DA:49,0
DA:50,0
DA:53,0
DA:60,0
DA:67,0
DA:74,0
DA:81,0
DA:88,0
DA:95,0
DA:102,0
DA:109,0
DA:119,0
DA:120,0
DA:124,0
DA:125,0
DA:132,0
DA:133,0
DA:139,0
DA:140,0
DA:146,0
DA:154,0
DA:166,0
DA:171,0
DA:178,0
DA:180,0
DA:182,0
DA:184,0
DA:186,0
DA:190,0
DA:192,0
DA:194,0
DA:196,0
DA:204,0
DA:205,0
DA:211,0
DA:218,0
DA:221,0
DA:227,0
DA:228,0
DA:229,0
DA:231,0
DA:235,0
LF:56
LH:0
BRDA:6,0,0,0
BRDA:6,0,1,0
BRDA:39,1,0,0
BRDA:108,2,0,0
BRDA:111,3,0,0
BRDA:111,3,1,0
BRDA:111,4,0,0
BRDA:111,4,1,0
BRDA:111,5,0,0
BRDA:111,5,1,0
BRDA:119,6,0,0
BRDA:124,7,0,0
BRDA:124,8,0,0
BRDA:124,8,1,0
BRDA:124,8,2,0
BRDA:124,9,0,0
BRDA:124,9,1,0
BRDA:124,10,0,0
BRDA:124,10,1,0
BRDA:124,11,0,0
BRDA:124,11,1,0
BRDA:124,12,0,0
BRDA:124,12,1,0
BRDA:124,13,0,0
BRDA:124,13,1,0
BRDA:124,14,0,0
BRDA:124,14,1,0
BRDA:132,15,0,0
BRDA:132,16,0,0
BRDA:132,16,1,0
BRDA:132,17,0,0
BRDA:132,17,1,0
BRDA:132,18,0,0
BRDA:132,18,1,0
BRDA:132,19,0,0
BRDA:132,19,1,0
BRDA:132,20,0,0
BRDA:132,20,1,0
BRDA:132,21,0,0
BRDA:132,21,1,0
BRDA:132,22,0,0
BRDA:132,22,1,0
BRDA:139,23,0,0
BRDA:139,24,0,0
BRDA:139,24,1,0
BRDA:139,25,0,0
BRDA:139,25,1,0
BRDA:139,26,0,0
BRDA:139,26,1,0
BRDA:139,27,0,0
BRDA:139,27,1,0
BRDA:139,28,0,0
BRDA:139,28,1,0
BRDA:139,29,0,0
BRDA:139,29,1,0
BRDA:139,30,0,0
BRDA:139,30,1,0
BRDA:139,31,0,0
BRDA:139,31,1,0
BRDA:139,32,0,0
BRDA:139,32,1,0
BRDA:146,33,0,0
BRDA:146,33,1,0
BRDA:146,34,0,0
BRDA:146,34,1,0
BRDA:146,35,0,0
BRDA:146,35,1,0
BRDA:178,36,0,0
BRDA:178,36,1,0
BRDA:178,36,2,0
BRDA:178,36,3,0
BRDA:178,36,4,0
BRDA:178,36,5,0
BRDA:178,36,6,0
BRDA:178,36,7,0
BRDA:186,37,0,0
BRDA:186,37,1,0
BRDA:223,38,0,0
BRDA:223,38,1,0
BRF:79
BRH:0
end_of_record
TN:
SF:src\utils\errorUtils.ts
FN:7,(anonymous_0)
FN:26,(anonymous_1)
FN:39,(anonymous_2)
FN:48,(anonymous_3)
FN:56,(anonymous_4)
FN:65,(anonymous_5)
FN:81,processError
FN:109,getUserFriendlyErrorMessage
FN:137,logError
FNF:9
FNH:0
FNDA:0,(anonymous_0)
FNDA:0,(anonymous_1)
FNDA:0,(anonymous_2)
FNDA:0,(anonymous_3)
FNDA:0,(anonymous_4)
FNDA:0,(anonymous_5)
FNDA:0,processError
FNDA:0,getUserFriendlyErrorMessage
FNDA:0,logError
DA:7,0
DA:8,0
DA:9,0
DA:10,0
DA:11,0
DA:12,0
DA:13,0
DA:26,0
DA:31,0
DA:39,0
DA:42,0
DA:48,0
DA:51,0
DA:56,0
DA:59,0
DA:65,0
DA:69,0
DA:71,0
DA:81,0
DA:83,0
DA:84,0
DA:88,0
DA:89,0
DA:98,0
DA:99,0
DA:103,0
DA:109,0
DA:110,0
DA:113,0
DA:115,0
DA:118,0
DA:121,0
DA:124,0
DA:127,0
DA:130,0
DA:137,0
DA:138,0
DA:141,0
LF:38
LH:0
BRDA:7,0,0,0
BRDA:7,0,1,0
BRDA:50,1,0,0
BRDA:53,2,0,0
BRDA:53,2,1,0
BRDA:57,3,0,0
BRDA:69,4,0,0
BRDA:69,4,1,0
BRDA:69,5,0,0
BRDA:69,5,1,0
BRDA:69,6,0,0
BRDA:69,6,1,0
BRDA:83,7,0,0
BRDA:83,8,0,0
BRDA:83,8,1,0
BRDA:83,9,0,0
BRDA:83,9,1,0
BRDA:83,10,0,0
BRDA:83,10,1,0
BRDA:88,11,0,0
BRDA:88,12,0,0
BRDA:88,12,1,0
BRDA:88,13,0,0
BRDA:88,13,1,0
BRDA:88,14,0,0
BRDA:88,14,1,0
BRDA:88,15,0,0
BRDA:88,15,1,0
BRDA:88,16,0,0
BRDA:88,16,1,0
BRDA:90,17,0,0
BRDA:90,17,1,0
BRDA:91,18,0,0
BRDA:91,18,1,0
BRDA:98,19,0,0
BRDA:98,20,0,0
BRDA:98,20,1,0
BRDA:113,21,0,0
BRDA:113,21,1,0
BRDA:113,21,2,0
BRDA:113,21,3,0
BRDA:113,21,4,0
BRDA:113,21,5,0
BRDA:124,22,0,0
BRDA:124,22,1,0
BRDA:127,23,0,0
BRDA:127,23,1,0
BRDA:137,24,0,0
BRDA:148,25,0,0
BRDA:148,25,1,0
BRF:50
BRH:0
end_of_record
TN:
SF:src\utils\eventEmitter.ts
FN:23,(anonymous_0)
FN:33,(anonymous_1)
FN:41,(anonymous_2)
FN:42,(anonymous_3)
FN:51,(anonymous_4)
FN:52,(anonymous_5)
FN:65,(anonymous_6)
FN:82,(anonymous_7)
FN:89,(anonymous_8)
FNF:9
FNH:0
FNDA:0,(anonymous_0)
FNDA:0,(anonymous_1)
FNDA:0,(anonymous_2)
FNDA:0,(anonymous_3)
FNDA:0,(anonymous_4)
FNDA:0,(anonymous_5)
FNDA:0,(anonymous_6)
FNDA:0,(anonymous_7)
FNDA:0,(anonymous_8)
DA:23,0
DA:24,0
DA:25,0
DA:34,0
DA:35,0
DA:38,0
DA:41,0
DA:42,0
DA:52,0
DA:53,0
DA:54,0
DA:57,0
DA:66,0
DA:67,0
DA:69,0
DA:70,0
DA:71,0
DA:73,0
DA:83,0
DA:90,0
LF:20
LH:0
BRDA:34,0,0,0
BRDA:67,1,0,0
BRF:2
BRH:0
end_of_record
TN:
SF:src\utils\formValidationUtils.ts
FN:16,(anonymous_0)
FN:17,(anonymous_1)
FN:25,(anonymous_2)
FN:26,(anonymous_3)
FN:34,(anonymous_4)
FN:35,(anonymous_5)
FN:43,(anonymous_6)
FN:44,(anonymous_7)
FN:52,(anonymous_8)
FN:56,(anonymous_9)
FN:57,(anonymous_10)
FN:69,(anonymous_11)
FN:70,(anonymous_12)
FN:88,(anonymous_13)
FN:89,(anonymous_14)
FN:100,validateField
FN:114,validateForm
FN:131,hasFormErrors
FN:132,(anonymous_18)
FN:138,createTaskValidationSchema
FN:150,(anonymous_20)
FNF:21
FNH:0
FNDA:0,(anonymous_0)
FNDA:0,(anonymous_1)
FNDA:0,(anonymous_2)
FNDA:0,(anonymous_3)
FNDA:0,(anonymous_4)
FNDA:0,(anonymous_5)
FNDA:0,(anonymous_6)
FNDA:0,(anonymous_7)
FNDA:0,(anonymous_8)
FNDA:0,(anonymous_9)
FNDA:0,(anonymous_10)
FNDA:0,(anonymous_11)
FNDA:0,(anonymous_12)
FNDA:0,(anonymous_13)
FNDA:0,(anonymous_14)
FNDA:0,validateField
FNDA:0,validateForm
FNDA:0,hasFormErrors
FNDA:0,(anonymous_18)
FNDA:0,createTaskValidationSchema
FNDA:0,(anonymous_20)
DA:16,0
DA:17,0
DA:18,0
DA:19,0
DA:21,0
DA:25,0
DA:26,0
DA:27,0
DA:28,0
DA:30,0
DA:34,0
DA:35,0
DA:36,0
DA:37,0
DA:39,0
DA:43,0
DA:44,0
DA:45,0
DA:46,0
DA:48,0
DA:52,0
DA:53,0
DA:56,0
DA:57,0
DA:58,0
DA:61,0
DA:62,0
DA:63,0
DA:65,0
DA:69,0
DA:70,0
DA:71,0
DA:73,0
DA:74,0
DA:76,0
DA:77,0
DA:80,0
DA:81,0
DA:84,0
DA:88,0
DA:89,0
DA:90,0
DA:91,0
DA:93,0
DA:100,0
DA:101,0
DA:102,0
DA:103,0
DA:104,0
DA:107,0
DA:114,0
DA:118,0
DA:120,0
DA:121,0
DA:122,0
DA:125,0
DA:131,0
DA:132,0
DA:138,0
DA:139,0
DA:150,0
LF:61
LH:0
BRDA:16,0,0,0
BRDA:18,1,0,0
BRDA:18,2,0,0
BRDA:18,2,1,0
BRDA:18,2,2,0
BRDA:27,3,0,0
BRDA:27,4,0,0
BRDA:27,4,1,0
BRDA:28,5,0,0
BRDA:28,5,1,0
BRDA:36,6,0,0
BRDA:36,7,0,0
BRDA:36,7,1,0
BRDA:37,8,0,0
BRDA:37,8,1,0
BRDA:45,9,0,0
BRDA:45,10,0,0
BRDA:45,10,1,0
BRDA:52,11,0,0
BRDA:56,12,0,0
BRDA:58,13,0,0
BRDA:62,14,0,0
BRDA:69,15,0,0
BRDA:71,16,0,0
BRDA:76,17,0,0
BRDA:80,18,0,0
BRDA:90,19,0,0
BRDA:103,20,0,0
BRDA:150,21,0,0
BRDA:150,21,1,0
BRDA:150,21,2,0
BRF:31
BRH:0
end_of_record
TN:
SF:src\utils\logging.ts
FN:7,(anonymous_0)
FN:44,configureLogging
FN:55,resetLoggingConfig
FN:62,logDebug
FN:71,logInfo
FN:80,logWarn
FN:89,logError
FN:98,shouldLog
FN:105,logPerformance
FN:121,createLogger
FN:123,(anonymous_10)
FN:124,(anonymous_11)
FN:125,(anonymous_12)
FN:126,(anonymous_13)
FN:127,(anonymous_14)
FN:128,(anonymous_15)
FNF:16
FNH:0
FNDA:0,(anonymous_0)
FNDA:0,configureLogging
FNDA:0,resetLoggingConfig
FNDA:0,logDebug
FNDA:0,logInfo
FNDA:0,logWarn
FNDA:0,logError
FNDA:0,shouldLog
FNDA:0,logPerformance
FNDA:0,createLogger
FNDA:0,(anonymous_10)
FNDA:0,(anonymous_11)
FNDA:0,(anonymous_12)
FNDA:0,(anonymous_13)
FNDA:0,(anonymous_14)
FNDA:0,(anonymous_15)
DA:7,0
DA:8,0
DA:9,0
DA:10,0
DA:11,0
DA:27,0
DA:39,0
DA:44,0
DA:45,0
DA:47,0
DA:48,0
DA:55,0
DA:56,0
DA:62,0
DA:63,0
DA:64,0
DA:71,0
DA:72,0
DA:73,0
DA:80,0
DA:81,0
DA:82,0
DA:89,0
DA:90,0
DA:91,0
DA:99,0
DA:105,0
DA:106,0
DA:107,0
DA:110,0
DA:111,0
DA:112,0
DA:114,0
DA:115,0
DA:121,0
DA:122,0
DA:123,0
DA:124,0
DA:125,0
DA:126,0
DA:127,0
DA:128,0
LF:42
LH:0
BRDA:7,0,0,0
BRDA:7,0,1,0
BRDA:28,1,0,0
BRDA:28,1,1,0
BRDA:47,2,0,0
BRDA:63,3,0,0
BRDA:72,4,0,0
BRDA:81,5,0,0
BRDA:90,6,0,0
BRDA:99,7,0,0
BRDA:99,7,1,0
BRDA:106,8,0,0
BRF:12
BRH:0
end_of_record
TN:
SF:src\utils\resetTimerState.ts
FN:7,(anonymous_7)
FN:7,(anonymous_8)
FNF:2
FNH:0
FNDA:0,(anonymous_7)
FNDA:0,(anonymous_8)
DA:1,0
DA:7,0
DA:8,0
DA:9,0
DA:12,0
DA:13,0
DA:16,0
DA:17,0
DA:19,0
DA:20,0
DA:21,0
DA:25,0
DA:27,0
DA:33,0
DA:34,0
DA:35,0
DA:38,0
DA:41,0
DA:42,0
DA:43,0
DA:44,0
DA:50,0
DA:51,0
DA:53,0
DA:58,0
DA:60,0
DA:65,0
DA:67,0
DA:73,0
DA:74,0
DA:75,0
DA:78,0
DA:81,0
DA:82,0
DA:83,0
DA:84,0
DA:93,0
DA:94,0
DA:96,0
DA:101,0
DA:103,0
DA:106,0
DA:108,0
DA:109,0
LF:44
LH:0
BRDA:17,0,0,0
BRDA:17,0,1,0
BRDA:17,1,0,0
BRDA:17,1,1,0
BRDA:19,2,0,0
BRDA:33,3,0,0
BRDA:38,4,0,0
BRDA:38,4,1,0
BRDA:38,5,0,0
BRDA:38,5,1,0
BRDA:38,6,0,0
BRDA:38,6,1,0
BRDA:42,7,0,0
BRDA:42,8,0,0
BRDA:42,8,1,0
BRDA:50,9,0,0
BRDA:50,9,1,0
BRDA:73,10,0,0
BRDA:78,11,0,0
BRDA:78,11,1,0
BRDA:78,12,0,0
BRDA:78,12,1,0
BRDA:78,13,0,0
BRDA:78,13,1,0
BRDA:82,14,0,0
BRDA:82,15,0,0
BRDA:82,15,1,0
BRDA:93,16,0,0
BRDA:93,16,1,0
BRDA:111,17,0,0
BRDA:111,17,1,0
BRF:31
BRH:0
end_of_record
TN:
SF:src\utils\retryService.ts
FN:30,isRetryableError
FN:52,calculateBackoff
FN:61,wait
FN:62,(anonymous_10)
FN:72,withRetry
FN:73,(anonymous_12)
FN:118,createRetryableFunction
FN:122,(anonymous_14)
FN:123,(anonymous_15)
FNF:9
FNH:0
FNDA:0,isRetryableError
FNDA:0,calculateBackoff
FNDA:0,wait
FNDA:0,(anonymous_10)
FNDA:0,withRetry
FNDA:0,(anonymous_12)
FNDA:0,createRetryableFunction
FNDA:0,(anonymous_14)
FNDA:0,(anonymous_15)
DA:17,0
DA:32,0
DA:33,0
DA:37,0
DA:38,0
DA:42,0
DA:43,0
DA:46,0
DA:53,0
DA:54,0
DA:55,0
DA:62,0
DA:72,0
DA:73,0
DA:76,0
DA:83,0
DA:84,0
DA:86,0
DA:88,0
DA:89,0
DA:92,0
DA:93,0
DA:97,0
DA:99,0
DA:102,0
DA:103,0
DA:111,0
DA:118,0
DA:122,0
DA:123,0
LF:30
LH:0
BRDA:32,0,0,0
BRDA:32,1,0,0
BRDA:32,1,1,0
BRDA:32,2,0,0
BRDA:32,2,1,0
BRDA:32,3,0,0
BRDA:32,3,1,0
BRDA:32,4,0,0
BRDA:32,4,1,0
BRDA:32,5,0,0
BRDA:32,5,1,0
BRDA:37,6,0,0
BRDA:37,7,0,0
BRDA:37,7,1,0
BRDA:37,8,0,0
BRDA:37,8,1,0
BRDA:37,9,0,0
BRDA:37,9,1,0
BRDA:37,10,0,0
BRDA:37,10,1,0
BRDA:37,11,0,0
BRDA:37,11,1,0
BRDA:42,12,0,0
BRDA:42,13,0,0
BRDA:42,13,1,0
BRDA:42,14,0,0
BRDA:42,14,1,0
BRDA:42,15,0,0
BRDA:42,15,1,0
BRDA:42,16,0,0
BRDA:42,16,1,0
BRDA:42,17,0,0
BRDA:42,17,1,0
BRDA:53,18,0,0
BRDA:53,18,1,0
BRDA:55,19,0,0
BRDA:55,19,1,0
BRDA:74,20,0,0
BRDA:86,21,0,0
BRDA:92,22,0,0
BRDA:102,23,0,0
BRDA:102,24,0,0
BRDA:102,24,1,0
BRDA:120,25,0,0
BRF:44
BRH:0
end_of_record
TN:
SF:src\utils\taskStatusUtils.ts
FN:97,isValidStatusTransition
FN:111,getStatusAfterTimerStop
FN:126,getStatusOnTimerStart
FN:134,getStatusOnTimerPause
FN:142,getStatusDisplayConfig
FN:149,getStatusBadgeClasses
FNF:6
FNH:0
FNDA:0,isValidStatusTransition
FNDA:0,getStatusAfterTimerStop
FNDA:0,getStatusOnTimerStart
FNDA:0,getStatusOnTimerPause
FNDA:0,getStatusDisplayConfig
FNDA:0,getStatusBadgeClasses
DA:1,0
DA:10,0
DA:50,0
DA:97,0
DA:102,0
DA:105,0
DA:111,0
DA:114,0
DA:115,0
DA:120,0
DA:126,0
DA:128,0
DA:134,0
DA:136,0
DA:142,0
DA:143,0
DA:149,0
DA:150,0
DA:151,0
LF:19
LH:0
BRDA:102,0,0,0
BRDA:105,1,0,0
BRDA:105,1,1,0
BRDA:105,2,0,0
BRDA:105,2,1,0
BRDA:105,3,0,0
BRDA:105,3,1,0
BRDA:112,4,0,0
BRDA:114,5,0,0
BRDA:143,6,0,0
BRDA:143,6,1,0
BRF:11
BRH:0
end_of_record
TN:
SF:src\utils\timeUtils.ts
FN:18,parseDurationToSeconds
FN:133,formatSecondsToTime
FN:152,formatMillisecondsToTime
FN:161,formatDurationHumanReadable
FN:197,formatDuration
FN:211,formatTimeForDisplay
FN:223,formatTime
FN:234,calculateDurationBetween
FN:261,calculateTotalDuration
FN:264,(anonymous_9)
FN:276,calculateActiveSessionDuration
FN:305,calculateDurationBetweenOld
FN:323,isSameDay
FN:334,isSameWeek
FN:344,isSameMonth
FN:360,msToPostgresInterval
FNF:16
FNH:0
FNDA:0,parseDurationToSeconds
FNDA:0,formatSecondsToTime
FNDA:0,formatMillisecondsToTime
FNDA:0,formatDurationHumanReadable
FNDA:0,formatDuration
FNDA:0,formatTimeForDisplay
FNDA:0,formatTime
FNDA:0,calculateDurationBetween
FNDA:0,calculateTotalDuration
FNDA:0,(anonymous_9)
FNDA:0,calculateActiveSessionDuration
FNDA:0,calculateDurationBetweenOld
FNDA:0,isSameDay
FNDA:0,isSameWeek
FNDA:0,isSameMonth
FNDA:0,msToPostgresInterval
DA:5,0
DA:12,0
DA:18,0
DA:19,0
DA:22,0
DA:24,0
DA:25,0
DA:28,0
DA:29,0
DA:30,0
DA:31,0
DA:32,0
DA:33,0
DA:38,0
DA:39,0
DA:40,0
DA:41,0
DA:42,0
DA:43,0
DA:47,0
DA:48,0
DA:49,0
DA:50,0
DA:51,0
DA:52,0
DA:53,0
DA:54,0
DA:55,0
DA:56,0
DA:57,0
DA:58,0
DA:62,0
DA:63,0
DA:66,0
DA:67,0
DA:68,0
DA:69,0
DA:73,0
DA:74,0
DA:75,0
DA:76,0
DA:80,0
DA:81,0
DA:82,0
DA:83,0
DA:86,0
DA:87,0
DA:88,0
DA:92,0
DA:93,0
DA:94,0
DA:95,0
DA:96,0
DA:97,0
DA:98,0
DA:99,0
DA:100,0
DA:104,0
DA:105,0
DA:106,0
DA:107,0
DA:108,0
DA:109,0
DA:113,0
DA:114,0
DA:115,0
DA:116,0
DA:117,0
DA:118,0
DA:122,0
DA:123,0
DA:133,0
DA:135,0
DA:137,0
DA:138,0
DA:139,0
DA:141,0
DA:152,0
DA:154,0
DA:161,0
DA:162,0
DA:165,0
DA:166,0
DA:167,0
DA:169,0
DA:170,0
DA:173,0
DA:175,0
DA:176,0
DA:177,0
DA:179,0
DA:180,0
DA:181,0
DA:184,0
DA:185,0
DA:186,0
DA:188,0
DA:191,0
DA:197,0
DA:199,0
DA:200,0
DA:204,0
DA:205,0
DA:211,0
DA:212,0
DA:213,0
DA:215,0
DA:216,0
DA:223,0
DA:224,0
DA:234,0
DA:235,0
DA:236,0
DA:239,0
DA:240,0
DA:241,0
DA:244,0
DA:245,0
DA:246,0
DA:250,0
DA:251,0
DA:253,0
DA:254,0
DA:261,0
DA:262,0
DA:264,0
DA:265,0
DA:266,0
DA:270,0
DA:276,0
DA:277,0
DA:278,0
DA:281,0
DA:282,0
DA:283,0
DA:286,0
DA:287,0
DA:288,0
DA:292,0
DA:293,0
DA:295,0
DA:296,0
DA:305,0
DA:306,0
DA:307,0
DA:308,0
DA:309,0
DA:311,0
DA:312,0
DA:323,0
DA:324,0
DA:325,0
DA:327,0
DA:334,0
DA:335,0
DA:336,0
DA:338,0
DA:344,0
DA:345,0
DA:346,0
DA:348,0
DA:360,0
DA:361,0
DA:362,0
DA:363,0
LF:165
LH:0
BRDA:19,0,0,0
BRDA:22,1,0,0
BRDA:29,2,0,0
BRDA:31,3,0,0
BRDA:32,4,0,0
BRDA:39,5,0,0
BRDA:42,6,0,0
BRDA:48,7,0,0
BRDA:51,8,0,0
BRDA:52,9,0,0
BRDA:53,10,0,0
BRDA:54,11,0,0
BRDA:55,12,0,0
BRDA:56,13,0,0
BRDA:57,14,0,0
BRDA:67,15,0,0
BRDA:74,16,0,0
BRDA:81,17,0,0
BRDA:86,18,0,0
BRDA:87,19,0,0
BRDA:93,20,0,0
BRDA:95,21,0,0
BRDA:99,22,0,0
BRDA:105,23,0,0
BRDA:108,24,0,0
BRDA:114,25,0,0
BRDA:117,26,0,0
BRDA:122,27,0,0
BRDA:162,28,0,0
BRDA:165,29,0,0
BRDA:165,29,1,0
BRDA:167,30,0,0
BRDA:170,31,0,0
BRDA:173,32,0,0
BRDA:180,33,0,0
BRDA:184,34,0,0
BRDA:184,34,1,0
BRDA:184,35,0,0
BRDA:184,35,1,0
BRDA:184,35,2,0
BRDA:186,36,0,0
BRDA:186,37,0,0
BRDA:186,37,1,0
BRDA:199,38,0,0
BRDA:199,39,0,0
BRDA:199,39,1,0
BRDA:199,39,2,0
BRDA:199,39,3,0
BRDA:235,40,0,0
BRDA:235,41,0,0
BRDA:235,41,1,0
BRDA:244,42,0,0
BRDA:244,43,0,0
BRDA:244,43,1,0
BRDA:265,44,0,0
BRDA:277,45,0,0
BRDA:286,46,0,0
BRDA:324,47,0,0
BRDA:324,47,1,0
BRDA:325,48,0,0
BRDA:325,48,1,0
BRDA:334,49,0,0
BRDA:335,50,0,0
BRDA:335,50,1,0
BRDA:336,51,0,0
BRDA:336,51,1,0
BRDA:345,52,0,0
BRDA:345,52,1,0
BRDA:346,53,0,0
BRDA:346,53,1,0
BRDA:361,54,0,0
BRF:71
BRH:0
end_of_record
TN:
SF:src\utils\transforms\DataTransformer.ts
FN:60,(anonymous_0)
FN:62,(anonymous_1)
FN:68,(anonymous_2)
FN:70,(anonymous_3)
FNF:4
FNH:0
FNDA:0,(anonymous_0)
FNDA:0,(anonymous_1)
FNDA:0,(anonymous_2)
FNDA:0,(anonymous_3)
DA:40,0
DA:61,0
DA:62,0
DA:69,0
DA:70,0
LF:5
LH:0
BRDA:61,0,0,0
BRDA:69,1,0,0
BRF:2
BRH:0
end_of_record
TN:
SF:src\utils\transforms\ProjectTransformer.ts
FN:13,(anonymous_1)
FN:49,(anonymous_2)
FN:79,(anonymous_3)
FN:92,(anonymous_4)
FN:111,(anonymous_5)
FNF:5
FNH:0
FNDA:0,(anonymous_1)
FNDA:0,(anonymous_2)
FNDA:0,(anonymous_3)
FNDA:0,(anonymous_4)
FNDA:0,(anonymous_5)
DA:3,0
DA:9,0
DA:14,0
DA:50,0
DA:81,0
DA:84,0
DA:86,0
DA:93,0
DA:112,0
DA:115,0
DA:116,0
DA:117,0
DA:118,0
DA:119,0
DA:120,0
DA:121,0
DA:122,0
DA:123,0
DA:124,0
DA:127,0
DA:129,0
DA:134,0
LF:22
LH:0
BRDA:24,0,0,0
BRDA:24,0,1,0
BRDA:32,1,0,0
BRDA:32,1,1,0
BRDA:59,2,0,0
BRDA:59,2,1,0
BRDA:95,3,0,0
BRDA:95,3,1,0
BRDA:96,4,0,0
BRDA:96,4,1,0
BRDA:97,5,0,0
BRDA:97,5,1,0
BRDA:98,6,0,0
BRDA:98,6,1,0
BRDA:99,7,0,0
BRDA:99,7,1,0
BRDA:100,8,0,0
BRDA:100,8,1,0
BRDA:101,9,0,0
BRDA:101,9,1,0
BRDA:102,10,0,0
BRDA:102,10,1,0
BRDA:115,11,0,0
BRDA:116,12,0,0
BRDA:117,13,0,0
BRDA:118,14,0,0
BRDA:119,15,0,0
BRDA:120,16,0,0
BRDA:121,17,0,0
BRDA:122,18,0,0
BRDA:123,19,0,0
BRDA:124,20,0,0
BRF:32
BRH:0
end_of_record
TN:
SF:src\utils\transforms\TaskTransformer.ts
FN:13,(anonymous_0)
FN:68,(anonymous_1)
FN:112,(anonymous_2)
FN:144,(anonymous_3)
FN:175,(anonymous_4)
FN:207,(anonymous_5)
FN:243,(anonymous_6)
FN:276,(anonymous_7)
FN:285,(anonymous_8)
FNF:9
FNH:0
FNDA:0,(anonymous_0)
FNDA:0,(anonymous_1)
FNDA:0,(anonymous_2)
FNDA:0,(anonymous_3)
FNDA:0,(anonymous_4)
FNDA:0,(anonymous_5)
FNDA:0,(anonymous_6)
FNDA:0,(anonymous_7)
FNDA:0,(anonymous_8)
DA:3,0
DA:9,0
DA:15,0
DA:16,0
DA:18,0
DA:69,0
DA:113,0
DA:145,0
DA:148,0
DA:149,0
DA:150,0
DA:151,0
DA:152,0
DA:153,0
DA:155,0
DA:156,0
DA:158,0
DA:159,0
DA:161,0
DA:162,0
DA:163,0
DA:164,0
DA:167,0
DA:169,0
DA:176,0
DA:208,0
DA:211,0
DA:212,0
DA:213,0
DA:214,0
DA:215,0
DA:216,0
DA:217,0
DA:218,0
DA:219,0
DA:220,0
DA:221,0
DA:224,0
DA:225,0
DA:226,0
DA:227,0
DA:228,0
DA:229,0
DA:230,0
DA:231,0
DA:234,0
DA:236,0
DA:244,0
DA:277,0
DA:278,0
DA:286,0
DA:289,0
DA:290,0
DA:292,0
DA:293,0
DA:295,0
DA:297,0
DA:299,0
DA:301,0
DA:303,0
DA:309,0
LF:61
LH:0
BRDA:15,0,0,0
BRDA:15,0,1,0
BRDA:16,1,0,0
BRDA:16,1,1,0
BRDA:27,2,0,0
BRDA:27,2,1,0
BRDA:29,3,0,0
BRDA:29,3,1,0
BRDA:39,4,0,0
BRDA:39,4,1,0
BRDA:40,5,0,0
BRDA:40,5,1,0
BRDA:41,6,0,0
BRDA:41,6,1,0
BRDA:78,7,0,0
BRDA:78,7,1,0
BRDA:80,8,0,0
BRDA:80,8,1,0
BRDA:83,9,0,0
BRDA:83,9,1,0
BRDA:83,10,0,0
BRDA:83,10,1,0
BRDA:84,11,0,0
BRDA:84,11,1,0
BRDA:84,12,0,0
BRDA:84,12,1,0
BRDA:95,13,0,0
BRDA:95,13,1,0
BRDA:97,14,0,0
BRDA:97,14,1,0
BRDA:98,15,0,0
BRDA:98,15,1,0
BRDA:101,16,0,0
BRDA:101,16,1,0
BRDA:102,17,0,0
BRDA:102,17,1,0
BRDA:103,18,0,0
BRDA:103,18,1,0
BRDA:104,19,0,0
BRDA:104,19,1,0
BRDA:105,20,0,0
BRDA:105,20,1,0
BRDA:115,21,0,0
BRDA:115,21,1,0
BRDA:116,22,0,0
BRDA:116,22,1,0
BRDA:117,23,0,0
BRDA:117,23,1,0
BRDA:118,24,0,0
BRDA:118,24,1,0
BRDA:119,25,0,0
BRDA:119,25,1,0
BRDA:119,26,0,0
BRDA:119,26,1,0
BRDA:121,27,0,0
BRDA:121,27,1,0
BRDA:122,28,0,0
BRDA:122,28,1,0
BRDA:124,29,0,0
BRDA:124,29,1,0
BRDA:125,30,0,0
BRDA:125,30,1,0
BRDA:148,31,0,0
BRDA:149,32,0,0
BRDA:150,33,0,0
BRDA:151,34,0,0
BRDA:152,35,0,0
BRDA:153,36,0,0
BRDA:153,36,1,0
BRDA:155,37,0,0
BRDA:158,38,0,0
BRDA:161,39,0,0
BRDA:162,40,0,0
BRDA:163,41,0,0
BRDA:164,42,0,0
BRDA:177,43,0,0
BRDA:177,43,1,0
BRDA:178,44,0,0
BRDA:178,44,1,0
BRDA:179,45,0,0
BRDA:179,45,1,0
BRDA:180,46,0,0
BRDA:180,46,1,0
BRDA:181,47,0,0
BRDA:181,47,1,0
BRDA:182,48,0,0
BRDA:182,48,1,0
BRDA:182,49,0,0
BRDA:182,49,1,0
BRDA:183,50,0,0
BRDA:183,50,1,0
BRDA:183,51,0,0
BRDA:183,51,1,0
BRDA:184,52,0,0
BRDA:184,52,1,0
BRDA:185,53,0,0
BRDA:185,53,1,0
BRDA:186,54,0,0
BRDA:186,54,1,0
BRDA:188,55,0,0
BRDA:188,55,1,0
BRDA:191,56,0,0
BRDA:191,56,1,0
BRDA:192,57,0,0
BRDA:192,57,1,0
BRDA:193,58,0,0
BRDA:193,58,1,0
BRDA:194,59,0,0
BRDA:194,59,1,0
BRDA:195,60,0,0
BRDA:195,60,1,0
BRDA:198,61,0,0
BRDA:198,61,1,0
BRDA:199,62,0,0
BRDA:199,62,1,0
BRDA:200,63,0,0
BRDA:200,63,1,0
BRDA:211,64,0,0
BRDA:212,65,0,0
BRDA:213,66,0,0
BRDA:214,67,0,0
BRDA:215,68,0,0
BRDA:215,69,0,0
BRDA:215,69,1,0
BRDA:216,70,0,0
BRDA:216,71,0,0
BRDA:216,71,1,0
BRDA:216,72,0,0
BRDA:216,72,1,0
BRDA:217,73,0,0
BRDA:217,74,0,0
BRDA:217,74,1,0
BRDA:217,75,0,0
BRDA:217,75,1,0
BRDA:218,76,0,0
BRDA:219,77,0,0
BRDA:220,78,0,0
BRDA:221,79,0,0
BRDA:224,80,0,0
BRDA:225,81,0,0
BRDA:226,82,0,0
BRDA:227,83,0,0
BRDA:228,84,0,0
BRDA:229,85,0,0
BRDA:230,86,0,0
BRDA:231,87,0,0
BRDA:249,88,0,0
BRDA:249,88,1,0
BRDA:250,89,0,0
BRDA:250,89,1,0
BRDA:250,90,0,0
BRDA:250,90,1,0
BRDA:251,91,0,0
BRDA:251,91,1,0
BRDA:251,92,0,0
BRDA:251,92,1,0
BRDA:253,93,0,0
BRDA:253,93,1,0
BRDA:255,94,0,0
BRDA:255,94,1,0
BRDA:256,95,0,0
BRDA:256,95,1,0
BRDA:259,96,0,0
BRDA:259,96,1,0
BRDA:260,97,0,0
BRDA:260,97,1,0
BRDA:261,98,0,0
BRDA:261,98,1,0
BRDA:262,99,0,0
BRDA:262,99,1,0
BRDA:263,100,0,0
BRDA:263,100,1,0
BRDA:277,101,0,0
BRDA:277,102,0,0
BRDA:277,102,1,0
BRDA:286,103,0,0
BRDA:290,104,0,0
BRDA:295,105,0,0
BRDA:295,105,1,0
BRDA:295,105,2,0
BRDA:295,105,3,0
BRF:181
BRH:0
end_of_record
TN:
SF:src\utils\transforms\TransformerFactory.ts
FN:22,(anonymous_0)
FN:29,(anonymous_1)
FN:39,(anonymous_2)
FN:54,(anonymous_3)
FN:64,(anonymous_4)
FN:81,(anonymous_5)
FN:88,(anonymous_6)
FNF:7
FNH:0
FNDA:0,(anonymous_0)
FNDA:0,(anonymous_1)
FNDA:0,(anonymous_2)
FNDA:0,(anonymous_3)
FNDA:0,(anonymous_4)
FNDA:0,(anonymous_5)
FNDA:0,(anonymous_6)
DA:4,0
DA:5,0
DA:8,0
DA:14,0
DA:16,0
DA:23,0
DA:30,0
DA:31,0
DA:33,0
DA:41,0
DA:44,0
DA:58,0
DA:65,0
DA:67,0
DA:68,0
DA:75,0
DA:82,0
DA:89,0
DA:94,0
LF:19
LH:0
BRDA:30,0,0,0
BRDA:67,1,0,0
BRF:2
BRH:0
end_of_record
